<?xml version="1.0" encoding="utf-8"?>
<test-run id="2" testcasecount="434" result="Passed" total="434" passed="434" failed="0" inconclusive="0" skipped="0" asserts="0" engine-version="3.5.0.0" clr-version="4.0.30319.42000" start-time="2026-09-10 10:45:58Z" end-time="2026-09-10 10:46:10Z" duration="12.3267848">
  <test-suite type="TestSuite" id="1000" name="DarkFlare" fullname="DarkFlare" runstate="Runnable" testcasecount="435" result="Passed" start-time="2026-09-10 10:45:58Z" end-time="2026-09-10 10:46:10Z" duration="12.326785" total="434" passed="434" failed="0" inconclusive="0" skipped="0" asserts="0">
    <properties>
      <property name="platform" value="EditMode" />
    </properties>
    <test-suite type="Assembly" id="1507" name="DarkFlare.Tests.EditMode.dll" fullname="E:/PARA/Projects/Unity/DarkfFlare/UnityProject/Library/ScriptAssemblies/DarkFlare.Tests.EditMode.dll" runstate="Runnable" testcasecount="434" result="Passed" start-time="2026-09-10 10:45:58Z" end-time="2026-09-10 10:46:10Z" duration="12.316492" total="434" passed="434" failed="0" inconclusive="0" skipped="0" asserts="0">
      <properties>
        <property name="_PID" value="22316" />
        <property name="_APPDOMAIN" value="Unity Child Domain" />
        <property name="platform" value="EditMode" />
        <property name="EditorOnly" value="True" />
      </properties>
      <test-suite type="TestFixture" id="1001" name="Alpha015PrimaryAttributeTests" fullname="Alpha015PrimaryAttributeTests" classname="Alpha015PrimaryAttributeTests" runstate="Runnable" testcasecount="7" result="Passed" start-time="2026-09-10 10:45:58Z" end-time="2026-09-10 10:45:58Z" duration="0.033180" total="7" passed="7" failed="0" inconclusive="0" skipped="0" asserts="0">
        <properties />
        <test-case id="1006" name="CombatActor_PrimaryAttributeRebuildPreservesHealthAndManaRatios" fullname="Alpha015PrimaryAttributeTests.CombatActor_PrimaryAttributeRebuildPreservesHealthAndManaRatios" methodname="CombatActor_PrimaryAttributeRebuildPreservesHealthAndManaRatios" classname="Alpha015PrimaryAttributeTests" runstate="Runnable" seed="1391899518" result="Passed" start-time="2026-09-10 10:45:58Z" end-time="2026-09-10 10:45:58Z" duration="0.016038" asserts="0">
          <properties>
            <property name="retryIteration" value="0" />
            <property name="repeatIteration" value="0" />
          </properties>
        </test-case>
        <test-case id="1005" name="CombatActor_RepeatedModifierRebuildDoesNotStackDerivedValues" fullname="Alpha015PrimaryAttributeTests.CombatActor_RepeatedModifierRebuildDoesNotStackDerivedValues" methodname="CombatActor_RepeatedModifierRebuildDoesNotStackDerivedValues" classname="Alpha015PrimaryAttributeTests" runstate="Runnable" seed="1613817333" result="Passed" start-time="2026-09-10 10:45:58Z" end-time="2026-09-10 10:45:58Z" duration="0.000452" asserts="0">
          <properties>
            <property name="retryIteration" value="0" />
            <property name="repeatIteration" value="0" />
          </properties>
        </test-case>
        <test-case id="1004" name="CombatStatResolver_AggregatesDirectModifiersBeforePrimaryAttributes" fullname="Alpha015PrimaryAttributeTests.CombatStatResolver_AggregatesDirectModifiersBeforePrimaryAttributes" methodname="CombatStatResolver_AggregatesDirectModifiersBeforePrimaryAttributes" classname="Alpha015PrimaryAttributeTests" runstate="Runnable" seed="534159202" result="Passed" start-time="2026-09-10 10:45:58Z" end-time="2026-09-10 10:45:58Z" duration="0.000597" asserts="0">
          <properties>
            <property name="retryIteration" value="0" />
            <property name="repeatIteration" value="0" />
          </properties>
        </test-case>
        <test-case id="1007" name="CombatStatResolver_LeavesDamageModifiersForAttackResolution" fullname="Alpha015PrimaryAttributeTests.CombatStatResolver_LeavesDamageModifiersForAttackResolution" methodname="CombatStatResolver_LeavesDamageModifiersForAttackResolution" classname="Alpha015PrimaryAttributeTests" runstate="Runnable" seed="115253336" result="Passed" start-time="2026-09-10 10:45:58Z" end-time="2026-09-10 10:45:58Z" duration="0.000190" asserts="0">
          <properties>
            <property name="retryIteration" value="0" />
            <property name="repeatIteration" value="0" />
          </properties>
        </test-case>
        <test-case id="1008" name="HudAttributeSnapshot_ExposesEveryStatInCanonicalOrder" fullname="Alpha015PrimaryAttributeTests.HudAttributeSnapshot_ExposesEveryStatInCanonicalOrder" methodname="HudAttributeSnapshot_ExposesEveryStatInCanonicalOrder" classname="Alpha015PrimaryAttributeTests" runstate="Runnable" seed="1009077253" result="Passed" start-time="2026-09-10 10:45:58Z" end-time="2026-09-10 10:45:58Z" duration="0.001813" asserts="0">
          <properties>
            <property name="retryIteration" value="0" />
            <property name="repeatIteration" value="0" />
          </properties>
        </test-case>
        <test-case id="1003" name="PrimaryAttributeResolver_AppliesFrozenFormulasWithoutMutatingInput" fullname="Alpha015PrimaryAttributeTests.PrimaryAttributeResolver_AppliesFrozenFormulasWithoutMutatingInput" methodname="PrimaryAttributeResolver_AppliesFrozenFormulasWithoutMutatingInput" classname="Alpha015PrimaryAttributeTests" runstate="Runnable" seed="236895878" result="Passed" start-time="2026-09-10 10:45:58Z" end-time="2026-09-10 10:45:58Z" duration="0.000205" asserts="0">
          <properties>
            <property name="retryIteration" value="0" />
            <property name="repeatIteration" value="0" />
          </properties>
        </test-case>
        <test-case id="1002" name="StatExplanation_PreservesOverrideOrderMultipliersAndPrimaryDerivation" fullname="Alpha015PrimaryAttributeTests.StatExplanation_PreservesOverrideOrderMultipliersAndPrimaryDerivation" methodname="StatExplanation_PreservesOverrideOrderMultipliersAndPrimaryDerivation" classname="Alpha015PrimaryAttributeTests" runstate="Runnable" seed="1997521553" result="Passed" start-time="2026-09-10 10:45:58Z" end-time="2026-09-10 10:45:58Z" duration="0.002435" asserts="0">
          <properties>
            <property name="retryIteration" value="0" />
            <property name="repeatIteration" value="0" />
          </properties>
        </test-case>
      </test-suite>
      <test-suite type="TestFixture" id="1009" name="CraftingOperationsTests" fullname="CraftingOperationsTests" classname="CraftingOperationsTests" runstate="Runnable" testcasecount="12" result="Passed" start-time="2026-09-10 10:45:58Z" end-time="2026-09-10 10:45:58Z" duration="0.027241" total="12" passed="12" failed="0" inconclusive="0" skipped="0" asserts="0">
        <properties />
        <test-case id="1018" name="AddAndRemove_RespectScopeCapacityAndRemovalMayBreakMinimum" fullname="CraftingOperationsTests.AddAndRemove_RespectScopeCapacityAndRemovalMayBreakMinimum" methodname="AddAndRemove_RespectScopeCapacityAndRemovalMayBreakMinimum" classname="CraftingOperationsTests" runstate="Runnable" seed="1622831456" result="Passed" start-time="2026-09-10 10:45:58Z" end-time="2026-09-10 10:45:58Z" duration="0.009442" asserts="0">
          <properties>
            <property name="retryIteration" value="0" />
            <property name="repeatIteration" value="0" />
          </properties>
        </test-case>
        <test-case id="1022" name="CraftingDefinition_PreciseScopesCostExactlyThreeTimesAny" fullname="CraftingOperationsTests.CraftingDefinition_PreciseScopesCostExactlyThreeTimesAny" methodname="CraftingDefinition_PreciseScopesCostExactlyThreeTimesAny" classname="CraftingOperationsTests" runstate="Runnable" seed="562951934" result="Passed" start-time="2026-09-10 10:45:58Z" end-time="2026-09-10 10:45:58Z" duration="0.000376" asserts="0">
          <properties>
            <property name="retryIteration" value="0" />
            <property name="repeatIteration" value="0" />
          </properties>
        </test-case>
        <test-case id="1020" name="FailedCraft_IsAtomic" fullname="CraftingOperationsTests.FailedCraft_IsAtomic" methodname="FailedCraft_IsAtomic" classname="CraftingOperationsTests" runstate="Runnable" seed="781202792" result="Passed" start-time="2026-09-10 10:45:58Z" end-time="2026-09-10 10:45:58Z" duration="0.000826" asserts="0">
          <properties>
            <property name="retryIteration" value="0" />
            <property name="repeatIteration" value="0" />
          </properties>
        </test-case>
        <test-suite type="ParameterizedMethod" id="1014" name="RarityRules_AreGlobalAndStable" fullname="CraftingOperationsTests.RarityRules_AreGlobalAndStable" classname="CraftingOperationsTests" runstate="Runnable" testcasecount="4" result="Passed" start-time="2026-09-10 10:45:58Z" end-time="2026-09-10 10:45:58Z" duration="0.001742" total="4" passed="4" failed="0" inconclusive="0" skipped="0" asserts="0">
          <properties />
          <test-case id="1010" name="RarityRules_AreGlobalAndStable(Normal,0,0,0,0)" fullname="CraftingOperationsTests.RarityRules_AreGlobalAndStable(Normal,0,0,0,0)" methodname="RarityRules_AreGlobalAndStable" classname="CraftingOperationsTests" runstate="Runnable" seed="742701652" result="Passed" start-time="2026-09-10 10:45:58Z" end-time="2026-09-10 10:45:58Z" duration="0.000338" asserts="0">
            <properties>
              <property name="retryIteration" value="0" />
              <property name="repeatIteration" value="0" />
            </properties>
          </test-case>
          <test-case id="1011" name="RarityRules_AreGlobalAndStable(Magic,1,1,1,2)" fullname="CraftingOperationsTests.RarityRules_AreGlobalAndStable(Magic,1,1,1,2)" methodname="RarityRules_AreGlobalAndStable" classname="CraftingOperationsTests" runstate="Runnable" seed="1254596039" result="Passed" start-time="2026-09-10 10:45:58Z" end-time="2026-09-10 10:45:58Z" duration="0.000071" asserts="0">
            <properties>
              <property name="retryIteration" value="0" />
              <property name="repeatIteration" value="0" />
            </properties>
          </test-case>
          <test-case id="1012" name="RarityRules_AreGlobalAndStable(Rare,3,3,2,6)" fullname="CraftingOperationsTests.RarityRules_AreGlobalAndStable(Rare,3,3,2,6)" methodname="RarityRules_AreGlobalAndStable" classname="CraftingOperationsTests" runstate="Runnable" seed="1897165286" result="Passed" start-time="2026-09-10 10:45:58Z" end-time="2026-09-10 10:45:58Z" duration="0.000050" asserts="0">
            <properties>
              <property name="retryIteration" value="0" />
              <property name="repeatIteration" value="0" />
            </properties>
          </test-case>
          <test-case id="1013" name="RarityRules_AreGlobalAndStable(Unique,3,3,4,6)" fullname="CraftingOperationsTests.RarityRules_AreGlobalAndStable(Unique,3,3,4,6)" methodname="RarityRules_AreGlobalAndStable" classname="CraftingOperationsTests" runstate="Runnable" seed="1635886784" result="Passed" start-time="2026-09-10 10:45:58Z" end-time="2026-09-10 10:45:58Z" duration="0.000047" asserts="0">
            <properties>
              <property name="retryIteration" value="0" />
              <property name="repeatIteration" value="0" />
            </properties>
          </test-case>
        </test-suite>
        <test-case id="1017" name="RerollPrefix_PreservesSuffixAndBuildsNormalTotal" fullname="CraftingOperationsTests.RerollPrefix_PreservesSuffixAndBuildsNormalTotal" methodname="RerollPrefix_PreservesSuffixAndBuildsNormalTotal" classname="CraftingOperationsTests" runstate="Runnable" seed="559634786" result="Passed" start-time="2026-09-10 10:45:58Z" end-time="2026-09-10 10:45:58Z" duration="0.004575" asserts="0">
          <properties>
            <property name="retryIteration" value="0" />
            <property name="repeatIteration" value="0" />
          </properties>
        </test-case>
        <test-case id="1019" name="RerollValues_KeepsDefinitionAndMayMoveEitherDirection" fullname="CraftingOperationsTests.RerollValues_KeepsDefinitionAndMayMoveEitherDirection" methodname="RerollValues_KeepsDefinitionAndMayMoveEitherDirection" classname="CraftingOperationsTests" runstate="Runnable" seed="1457875334" result="Passed" start-time="2026-09-10 10:45:58Z" end-time="2026-09-10 10:45:58Z" duration="0.000820" asserts="0">
          <properties>
            <property name="retryIteration" value="0" />
            <property name="repeatIteration" value="0" />
          </properties>
        </test-case>
        <test-case id="1016" name="ResetToNormal_RemovesAllAffixesAndRarity" fullname="CraftingOperationsTests.ResetToNormal_RemovesAllAffixesAndRarity" methodname="ResetToNormal_RemovesAllAffixesAndRarity" classname="CraftingOperationsTests" runstate="Runnable" seed="1986636840" result="Passed" start-time="2026-09-10 10:45:58Z" end-time="2026-09-10 10:45:58Z" duration="0.000366" asserts="0">
          <properties>
            <property name="retryIteration" value="0" />
            <property name="repeatIteration" value="0" />
          </properties>
        </test-case>
        <test-case id="1021" name="SameRootSeed_ProducesSameDefinitionsAndValues" fullname="CraftingOperationsTests.SameRootSeed_ProducesSameDefinitionsAndValues" methodname="SameRootSeed_ProducesSameDefinitionsAndValues" classname="CraftingOperationsTests" runstate="Runnable" seed="193612004" result="Passed" start-time="2026-09-10 10:45:58Z" end-time="2026-09-10 10:45:58Z" duration="0.001964" asserts="0">
          <properties>
            <property name="retryIteration" value="0" />
            <property name="repeatIteration" value="0" />
          </properties>
        </test-case>
        <test-case id="1015" name="UpgradeRarity_AdvancesSequentiallyAndMeetsMinimums" fullname="CraftingOperationsTests.UpgradeRarity_AdvancesSequentiallyAndMeetsMinimums" methodname="UpgradeRarity_AdvancesSequentiallyAndMeetsMinimums" classname="CraftingOperationsTests" runstate="Runnable" seed="896026719" result="Passed" start-time="2026-09-10 10:45:58Z" end-time="2026-09-10 10:45:58Z" duration="0.001055" asserts="0">
          <properties>
            <property name="retryIteration" value="0" />
            <property name="repeatIteration" value="0" />
          </properties>
        </test-case>
      </test-suite>
      <test-suite type="TestFixture" id="1023" name="DamageCalculatorTests" fullname="DamageCalculatorTests" classname="DamageCalculatorTests" runstate="Runnable" testcasecount="2" result="Passed" start-time="2026-09-10 10:45:58Z" end-time="2026-09-10 10:45:58Z" duration="0.010608" total="2" passed="2" failed="0" inconclusive="0" skipped="0" asserts="0">
        <properties />
        <test-case id="1025" name="Calculate_CriticalDamage_UsesAdditionalPercentage" fullname="DamageCalculatorTests.Calculate_CriticalDamage_UsesAdditionalPercentage" methodname="Calculate_CriticalDamage_UsesAdditionalPercentage" classname="DamageCalculatorTests" runstate="Runnable" seed="1780286168" result="Passed" start-time="2026-09-10 10:45:58Z" end-time="2026-09-10 10:45:58Z" duration="0.006281" asserts="0">
          <properties>
            <property name="retryIteration" value="0" />
            <property name="repeatIteration" value="0" />
          </properties>
        </test-case>
        <test-case id="1024" name="Calculate_IncreaseDamageModifier_RaisesTotalDamage" fullname="DamageCalculatorTests.Calculate_IncreaseDamageModifier_RaisesTotalDamage" methodname="Calculate_IncreaseDamageModifier_RaisesTotalDamage" classname="DamageCalculatorTests" runstate="Runnable" seed="1604928719" result="Passed" start-time="2026-09-10 10:45:58Z" end-time="2026-09-10 10:45:58Z" duration="0.001231" asserts="0">
          <properties>
            <property name="retryIteration" value="0" />
            <property name="repeatIteration" value="0" />
          </properties>
        </test-case>
      </test-suite>
      <test-suite type="TestSuite" id="1508" name="DarkFlare" fullname="DarkFlare" runstate="Runnable" testcasecount="353" result="Passed" start-time="2026-09-10 10:45:58Z" end-time="2026-09-10 10:46:10Z" duration="12.066928" total="353" passed="353" failed="0" inconclusive="0" skipped="0" asserts="0">
        <properties />
        <test-suite type="TestSuite" id="1509" name="Tests" fullname="DarkFlare.Tests" runstate="Runnable" testcasecount="353" result="Passed" start-time="2026-09-10 10:45:58Z" end-time="2026-09-10 10:46:10Z" duration="12.064942" total="353" passed="353" failed="0" inconclusive="0" skipped="0" asserts="0">
          <properties />
          <test-suite type="TestFixture" id="1096" name="AbandonedGenerationIsolationTests" fullname="DarkFlare.Tests.AbandonedGenerationIsolationTests" classname="DarkFlare.Tests.AbandonedGenerationIsolationTests" runstate="Runnable" testcasecount="2" result="Passed" start-time="2026-09-10 10:45:58Z" end-time="2026-09-10 10:45:58Z" duration="0.136155" total="2" passed="2" failed="0" inconclusive="0" skipped="0" asserts="0">
            <properties />
            <test-case id="1097" name="EmergencyStop_LateContinuationsCannotLeaveAbandonedOrTouchNewGeneration" fullname="DarkFlare.Tests.AbandonedGenerationIsolationTests.EmergencyStop_LateContinuationsCannotLeaveAbandonedOrTouchNewGeneration" methodname="EmergencyStop_LateContinuationsCannotLeaveAbandonedOrTouchNewGeneration" classname="DarkFlare.Tests.AbandonedGenerationIsolationTests" runstate="Runnable" seed="1590421120" result="Passed" start-time="2026-09-10 10:45:58Z" end-time="2026-09-10 10:45:58Z" duration="0.081273" asserts="0">
              <properties>
                <property name="_JOINTYPE" value="UnityCombinatorial" />
                <property name="retryIteration" value="0" />
                <property name="repeatIteration" value="0" />
              </properties>
            </test-case>
            <test-case id="1098" name="LifecycleTaskGroup_LateFailureAfterTimeoutDoesNotInvokeScopeCallbacks" fullname="DarkFlare.Tests.AbandonedGenerationIsolationTests.LifecycleTaskGroup_LateFailureAfterTimeoutDoesNotInvokeScopeCallbacks" methodname="LifecycleTaskGroup_LateFailureAfterTimeoutDoesNotInvokeScopeCallbacks" classname="DarkFlare.Tests.AbandonedGenerationIsolationTests" runstate="Runnable" seed="1574645001" result="Passed" start-time="2026-09-10 10:45:58Z" end-time="2026-09-10 10:45:58Z" duration="0.053695" asserts="0">
              <properties>
                <property name="_JOINTYPE" value="UnityCombinatorial" />
                <property name="retryIteration" value="0" />
                <property name="repeatIteration" value="0" />
              </properties>
            </test-case>
          </test-suite>
          <test-suite type="TestFixture" id="1099" name="AccessibilityAndPlatformLifecycleTests" fullname="DarkFlare.Tests.AccessibilityAndPlatformLifecycleTests" classname="DarkFlare.Tests.AccessibilityAndPlatformLifecycleTests" runstate="Runnable" testcasecount="6" result="Passed" start-time="2026-09-10 10:45:58Z" end-time="2026-09-10 10:45:58Z" duration="0.120864" total="6" passed="6" failed="0" inconclusive="0" skipped="0" asserts="0">
            <properties />
            <test-case id="1101" name="AccessibilityService_FailedCommitKeepsCurrentProfile" fullname="DarkFlare.Tests.AccessibilityAndPlatformLifecycleTests.AccessibilityService_FailedCommitKeepsCurrentProfile" methodname="AccessibilityService_FailedCommitKeepsCurrentProfile" classname="DarkFlare.Tests.AccessibilityAndPlatformLifecycleTests" runstate="Runnable" seed="1247488508" result="Passed" start-time="2026-09-10 10:45:58Z" end-time="2026-09-10 10:45:58Z" duration="0.045470" asserts="0">
              <properties>
                <property name="_JOINTYPE" value="UnityCombinatorial" />
                <property name="retryIteration" value="0" />
                <property name="repeatIteration" value="0" />
              </properties>
            </test-case>
            <test-case id="1100" name="AccessibilityService_UpdatesAfterCommitAndPublishesOnce" fullname="DarkFlare.Tests.AccessibilityAndPlatformLifecycleTests.AccessibilityService_UpdatesAfterCommitAndPublishesOnce" methodname="AccessibilityService_UpdatesAfterCommitAndPublishesOnce" classname="DarkFlare.Tests.AccessibilityAndPlatformLifecycleTests" runstate="Runnable" seed="1078106715" result="Passed" start-time="2026-09-10 10:45:58Z" end-time="2026-09-10 10:45:58Z" duration="0.016914" asserts="0">
              <properties>
                <property name="_JOINTYPE" value="UnityCombinatorial" />
                <property name="retryIteration" value="0" />
                <property name="repeatIteration" value="0" />
              </properties>
            </test-case>
            <test-case id="1103" name="PlatformLifecycle_CoalescesOverlapAndRestoresOnlyAfterAllReasons" fullname="DarkFlare.Tests.AccessibilityAndPlatformLifecycleTests.PlatformLifecycle_CoalescesOverlapAndRestoresOnlyAfterAllReasons" methodname="PlatformLifecycle_CoalescesOverlapAndRestoresOnlyAfterAllReasons" classname="DarkFlare.Tests.AccessibilityAndPlatformLifecycleTests" runstate="Runnable" seed="1427377003" result="Passed" start-time="2026-09-10 10:45:58Z" end-time="2026-09-10 10:45:58Z" duration="0.018826" asserts="0">
              <properties>
                <property name="_JOINTYPE" value="UnityCombinatorial" />
                <property name="retryIteration" value="0" />
                <property name="repeatIteration" value="0" />
              </properties>
            </test-case>
            <test-case id="1104" name="PlatformLifecycle_MapsBusyAndRejectsWorkDuringShutdown" fullname="DarkFlare.Tests.AccessibilityAndPlatformLifecycleTests.PlatformLifecycle_MapsBusyAndRejectsWorkDuringShutdown" methodname="PlatformLifecycle_MapsBusyAndRejectsWorkDuringShutdown" classname="DarkFlare.Tests.AccessibilityAndPlatformLifecycleTests" runstate="Runnable" seed="669268237" result="Passed" start-time="2026-09-10 10:45:58Z" end-time="2026-09-10 10:45:58Z" duration="0.013987" asserts="0">
              <properties>
                <property name="_JOINTYPE" value="UnityCombinatorial" />
                <property name="retryIteration" value="0" />
                <property name="repeatIteration" value="0" />
              </properties>
            </test-case>
            <test-case id="1105" name="PlatformLifecycle_MapsSaveFailureTimeoutAndCancellation" fullname="DarkFlare.Tests.AccessibilityAndPlatformLifecycleTests.PlatformLifecycle_MapsSaveFailureTimeoutAndCancellation" methodname="PlatformLifecycle_MapsSaveFailureTimeoutAndCancellation" classname="DarkFlare.Tests.AccessibilityAndPlatformLifecycleTests" runstate="Runnable" seed="1223072077" result="Passed" start-time="2026-09-10 10:45:58Z" end-time="2026-09-10 10:45:58Z" duration="0.014648" asserts="0">
              <properties>
                <property name="_JOINTYPE" value="UnityCombinatorial" />
                <property name="retryIteration" value="0" />
                <property name="repeatIteration" value="0" />
              </properties>
            </test-case>
            <test-case id="1102" name="ReduceMotionConsumers_StopContinuousLootMotionAndKeepShortCombatText" fullname="DarkFlare.Tests.AccessibilityAndPlatformLifecycleTests.ReduceMotionConsumers_StopContinuousLootMotionAndKeepShortCombatText" methodname="ReduceMotionConsumers_StopContinuousLootMotionAndKeepShortCombatText" classname="DarkFlare.Tests.AccessibilityAndPlatformLifecycleTests" runstate="Runnable" seed="383983475" result="Passed" start-time="2026-09-10 10:45:58Z" end-time="2026-09-10 10:45:58Z" duration="0.009006" asserts="0">
              <properties>
                <property name="retryIteration" value="0" />
                <property name="repeatIteration" value="0" />
              </properties>
            </test-case>
          </test-suite>
          <test-suite type="TestFixture" id="1106" name="ActorAnimationStateTests" fullname="DarkFlare.Tests.ActorAnimationStateTests" classname="DarkFlare.Tests.ActorAnimationStateTests" runstate="Runnable" testcasecount="5" result="Passed" start-time="2026-09-10 10:45:58Z" end-time="2026-09-10 10:45:58Z" duration="0.093177" total="5" passed="5" failed="0" inconclusive="0" skipped="0" asserts="0">
            <properties />
            <test-case id="1112" name="ActorAnimatorController_ResolvesHorizontalFlipFromSourceFacing" fullname="DarkFlare.Tests.ActorAnimationStateTests.ActorAnimatorController_ResolvesHorizontalFlipFromSourceFacing" methodname="ActorAnimatorController_ResolvesHorizontalFlipFromSourceFacing" classname="DarkFlare.Tests.ActorAnimationStateTests" runstate="Runnable" seed="916659320" result="Passed" start-time="2026-09-10 10:45:58Z" end-time="2026-09-10 10:45:58Z" duration="0.000636" asserts="0">
              <properties>
                <property name="retryIteration" value="0" />
                <property name="repeatIteration" value="0" />
              </properties>
            </test-case>
            <test-case id="1111" name="ActorPrefabs_DeclareSourceFacingAndPreviewRightByDefault" fullname="DarkFlare.Tests.ActorAnimationStateTests.ActorPrefabs_DeclareSourceFacingAndPreviewRightByDefault" methodname="ActorPrefabs_DeclareSourceFacingAndPreviewRightByDefault" classname="DarkFlare.Tests.ActorAnimationStateTests" runstate="Runnable" seed="1871928475" result="Passed" start-time="2026-09-10 10:45:58Z" end-time="2026-09-10 10:45:58Z" duration="0.077842" asserts="0">
              <properties>
                <property name="retryIteration" value="0" />
                <property name="repeatIteration" value="0" />
              </properties>
            </test-case>
            <test-case id="1110" name="ActorPrefabs_KeepDeathVisibleUntilAnimationFinishes" fullname="DarkFlare.Tests.ActorAnimationStateTests.ActorPrefabs_KeepDeathVisibleUntilAnimationFinishes" methodname="ActorPrefabs_KeepDeathVisibleUntilAnimationFinishes" classname="DarkFlare.Tests.ActorAnimationStateTests" runstate="Runnable" seed="1221201968" result="Passed" start-time="2026-09-10 10:45:58Z" end-time="2026-09-10 10:45:58Z" duration="0.000721" asserts="0">
              <properties>
                <property name="retryIteration" value="0" />
                <property name="repeatIteration" value="0" />
              </properties>
            </test-case>
            <test-suite type="ParameterizedMethod" id="1109" name="AnimatorController_ContainsReachableCombatStates" fullname="DarkFlare.Tests.ActorAnimationStateTests.AnimatorController_ContainsReachableCombatStates" classname="DarkFlare.Tests.ActorAnimationStateTests" runstate="Runnable" testcasecount="2" result="Passed" start-time="2026-09-10 10:45:58Z" end-time="2026-09-10 10:45:58Z" duration="0.010757" total="2" passed="2" failed="0" inconclusive="0" skipped="0" asserts="0">
              <properties />
              <test-case id="1107" name="AnimatorController_ContainsReachableCombatStates(&quot;Assets/Art/Animations/Controllers/Player.controller&quot;)" fullname="DarkFlare.Tests.ActorAnimationStateTests.AnimatorController_ContainsReachableCombatStates(&quot;Assets/Art/Animations/Controllers/Player.controller&quot;)" methodname="AnimatorController_ContainsReachableCombatStates" classname="DarkFlare.Tests.ActorAnimationStateTests" runstate="Runnable" seed="1903591612" result="Passed" start-time="2026-09-10 10:45:58Z" end-time="2026-09-10 10:45:58Z" duration="0.005296" asserts="0">
                <properties>
                  <property name="retryIteration" value="0" />
                  <property name="repeatIteration" value="0" />
                </properties>
              </test-case>
              <test-case id="1108" name="AnimatorController_ContainsReachableCombatStates(&quot;Assets/Art/Animations/Controllers/Monster_Basic.controller&quot;)" fullname="DarkFlare.Tests.ActorAnimationStateTests.AnimatorController_ContainsReachableCombatStates(&quot;Assets/Art/Animations/Controllers/Monster_Basic.controller&quot;)" methodname="AnimatorController_ContainsReachableCombatStates" classname="DarkFlare.Tests.ActorAnimationStateTests" runstate="Runnable" seed="1692023125" result="Passed" start-time="2026-09-10 10:45:58Z" end-time="2026-09-10 10:45:58Z" duration="0.000236" asserts="0">
                <properties>
                  <property name="retryIteration" value="0" />
                  <property name="repeatIteration" value="0" />
                </properties>
              </test-case>
            </test-suite>
          </test-suite>
          <test-suite type="TestFixture" id="1113" name="Alpha012DamageResolutionTests" fullname="DarkFlare.Tests.Alpha012DamageResolutionTests" classname="DarkFlare.Tests.Alpha012DamageResolutionTests" runstate="Runnable" testcasecount="9" result="Passed" start-time="2026-09-10 10:45:58Z" end-time="2026-09-10 10:45:58Z" duration="0.040022" total="9" passed="9" failed="0" inconclusive="0" skipped="0" asserts="0">
            <properties />
            <test-case id="1114" name="AttackRandomRolls_ReplayRootSeed_AndExposeIndependentRanges" fullname="DarkFlare.Tests.Alpha012DamageResolutionTests.AttackRandomRolls_ReplayRootSeed_AndExposeIndependentRanges" methodname="AttackRandomRolls_ReplayRootSeed_AndExposeIndependentRanges" classname="DarkFlare.Tests.Alpha012DamageResolutionTests" runstate="Runnable" seed="501340240" result="Passed" start-time="2026-09-10 10:45:58Z" end-time="2026-09-10 10:45:58Z" duration="0.001938" asserts="0">
              <properties>
                <property name="retryIteration" value="0" />
                <property name="repeatIteration" value="0" />
              </properties>
            </test-case>
            <test-case id="1118" name="CombatSystem_EmitsResolutionForEvade_AndDamageOnlyForHealthLoss" fullname="DarkFlare.Tests.Alpha012DamageResolutionTests.CombatSystem_EmitsResolutionForEvade_AndDamageOnlyForHealthLoss" methodname="CombatSystem_EmitsResolutionForEvade_AndDamageOnlyForHealthLoss" classname="DarkFlare.Tests.Alpha012DamageResolutionTests" runstate="Runnable" seed="209863573" result="Passed" start-time="2026-09-10 10:45:58Z" end-time="2026-09-10 10:45:58Z" duration="0.010915" asserts="0">
              <properties>
                <property name="retryIteration" value="0" />
                <property name="repeatIteration" value="0" />
              </properties>
              <output><![CDATA[[gameplay.combat.message] [CombatSystem] resolution_attacker 对 resolution_defender 造成 10 点伤害
]]></output>
            </test-case>
            <test-case id="1117" name="DamageCalculator_ExplainsArmorResistanceAndNoDamage" fullname="DarkFlare.Tests.Alpha012DamageResolutionTests.DamageCalculator_ExplainsArmorResistanceAndNoDamage" methodname="DamageCalculator_ExplainsArmorResistanceAndNoDamage" classname="DarkFlare.Tests.Alpha012DamageResolutionTests" runstate="Runnable" seed="720506944" result="Passed" start-time="2026-09-10 10:45:58Z" end-time="2026-09-10 10:45:58Z" duration="0.003001" asserts="0">
              <properties>
                <property name="retryIteration" value="0" />
                <property name="repeatIteration" value="0" />
              </properties>
            </test-case>
            <test-case id="1120" name="FireProjectileCommand_MissingWeaponDoesNotConsumeAttackSeedOrAttackEvent" fullname="DarkFlare.Tests.Alpha012DamageResolutionTests.FireProjectileCommand_MissingWeaponDoesNotConsumeAttackSeedOrAttackEvent" methodname="FireProjectileCommand_MissingWeaponDoesNotConsumeAttackSeedOrAttackEvent" classname="DarkFlare.Tests.Alpha012DamageResolutionTests" runstate="Runnable" seed="1809360377" result="Passed" start-time="2026-09-10 10:45:58Z" end-time="2026-09-10 10:45:58Z" duration="0.005579" asserts="0">
              <properties>
                <property name="retryIteration" value="0" />
                <property name="repeatIteration" value="0" />
              </properties>
              <output><![CDATA[[gameplay.combat.message] [GameplayRandomSystem] 根种子: 24680（固定）
[gameplay.combat.message] [GameplayRandomSystem] 根种子: 24680（固定）
]]></output>
            </test-case>
            <test-case id="1116" name="HitResolution_CriticalUsesOneAttackWideDecision" fullname="DarkFlare.Tests.Alpha012DamageResolutionTests.HitResolution_CriticalUsesOneAttackWideDecision" methodname="HitResolution_CriticalUsesOneAttackWideDecision" classname="DarkFlare.Tests.Alpha012DamageResolutionTests" runstate="Runnable" seed="1905528448" result="Passed" start-time="2026-09-10 10:45:58Z" end-time="2026-09-10 10:45:58Z" duration="0.000877" asserts="0">
              <properties>
                <property name="retryIteration" value="0" />
                <property name="repeatIteration" value="0" />
              </properties>
            </test-case>
            <test-case id="1115" name="HitResolution_SeparatesHitEvadeAndNaturalMiss" fullname="DarkFlare.Tests.Alpha012DamageResolutionTests.HitResolution_SeparatesHitEvadeAndNaturalMiss" methodname="HitResolution_SeparatesHitEvadeAndNaturalMiss" classname="DarkFlare.Tests.Alpha012DamageResolutionTests" runstate="Runnable" seed="1653208568" result="Passed" start-time="2026-09-10 10:45:58Z" end-time="2026-09-10 10:45:58Z" duration="0.000922" asserts="0">
              <properties>
                <property name="retryIteration" value="0" />
                <property name="repeatIteration" value="0" />
              </properties>
            </test-case>
            <test-case id="1119" name="ProjectileFactory_RejectsMissingSources_AndKeepsSkillSourceIndependent" fullname="DarkFlare.Tests.Alpha012DamageResolutionTests.ProjectileFactory_RejectsMissingSources_AndKeepsSkillSourceIndependent" methodname="ProjectileFactory_RejectsMissingSources_AndKeepsSkillSourceIndependent" classname="DarkFlare.Tests.Alpha012DamageResolutionTests" runstate="Runnable" seed="1465449667" result="Passed" start-time="2026-09-10 10:45:58Z" end-time="2026-09-10 10:45:58Z" duration="0.002057" asserts="0">
              <properties>
                <property name="retryIteration" value="0" />
                <property name="repeatIteration" value="0" />
              </properties>
            </test-case>
            <test-case id="1121" name="StartingWeaponTransaction_IsAtomicAndIdempotent" fullname="DarkFlare.Tests.Alpha012DamageResolutionTests.StartingWeaponTransaction_IsAtomicAndIdempotent" methodname="StartingWeaponTransaction_IsAtomicAndIdempotent" classname="DarkFlare.Tests.Alpha012DamageResolutionTests" runstate="Runnable" seed="744378357" result="Passed" start-time="2026-09-10 10:45:58Z" end-time="2026-09-10 10:45:58Z" duration="0.010546" asserts="0">
              <properties>
                <property name="retryIteration" value="0" />
                <property name="repeatIteration" value="0" />
              </properties>
              <output><![CDATA[[gameplay.combat.message] [EquipmentSystem] startup_player 的主武器已装备 startup_sword
]]></output>
            </test-case>
            <test-case id="1122" name="Validators_EnforceDamageOwnershipAndCombatStatBounds" fullname="DarkFlare.Tests.Alpha012DamageResolutionTests.Validators_EnforceDamageOwnershipAndCombatStatBounds" methodname="Validators_EnforceDamageOwnershipAndCombatStatBounds" classname="DarkFlare.Tests.Alpha012DamageResolutionTests" runstate="Runnable" seed="1148668027" result="Passed" start-time="2026-09-10 10:45:58Z" end-time="2026-09-10 10:45:58Z" duration="0.001283" asserts="0">
              <properties>
                <property name="retryIteration" value="0" />
                <property name="repeatIteration" value="0" />
              </properties>
            </test-case>
          </test-suite>
          <test-suite type="TestFixture" id="1123" name="Alpha013CollisionSafetyTests" fullname="DarkFlare.Tests.Alpha013CollisionSafetyTests" classname="DarkFlare.Tests.Alpha013CollisionSafetyTests" runstate="Runnable" testcasecount="6" result="Passed" start-time="2026-09-10 10:45:58Z" end-time="2026-09-10 10:45:59Z" duration="0.725559" total="6" passed="6" failed="0" inconclusive="0" skipped="0" asserts="0">
            <properties />
            <test-case id="1124" name="ActorPrefabs_KeepDynamicSolidMovementColliders" fullname="DarkFlare.Tests.Alpha013CollisionSafetyTests.ActorPrefabs_KeepDynamicSolidMovementColliders" methodname="ActorPrefabs_KeepDynamicSolidMovementColliders" classname="DarkFlare.Tests.Alpha013CollisionSafetyTests" runstate="Runnable" seed="1260775292" result="Passed" start-time="2026-09-10 10:45:58Z" end-time="2026-09-10 10:45:58Z" duration="0.000970" asserts="0">
              <properties>
                <property name="retryIteration" value="0" />
                <property name="repeatIteration" value="0" />
              </properties>
            </test-case>
            <test-case id="1125" name="ContactDamage_RemainsDistanceDrivenAndIndependentlyTimed" fullname="DarkFlare.Tests.Alpha013CollisionSafetyTests.ContactDamage_RemainsDistanceDrivenAndIndependentlyTimed" methodname="ContactDamage_RemainsDistanceDrivenAndIndependentlyTimed" classname="DarkFlare.Tests.Alpha013CollisionSafetyTests" runstate="Runnable" seed="2101130326" result="Passed" start-time="2026-09-10 10:45:58Z" end-time="2026-09-10 10:45:58Z" duration="0.022705" asserts="0">
              <properties>
                <property name="retryIteration" value="0" />
                <property name="repeatIteration" value="0" />
              </properties>
            </test-case>
            <test-case id="1129" name="MonsterMovementValidation_RejectsInvalidRanges" fullname="DarkFlare.Tests.Alpha013CollisionSafetyTests.MonsterMovementValidation_RejectsInvalidRanges" methodname="MonsterMovementValidation_RejectsInvalidRanges" classname="DarkFlare.Tests.Alpha013CollisionSafetyTests" runstate="Runnable" seed="340130158" result="Passed" start-time="2026-09-10 10:45:58Z" end-time="2026-09-10 10:45:58Z" duration="0.000739" asserts="0">
              <properties>
                <property name="retryIteration" value="0" />
                <property name="repeatIteration" value="0" />
              </properties>
            </test-case>
            <test-case id="1128" name="PhysicsLayersPrefabsAndMainWorldBounds_MatchContract" fullname="DarkFlare.Tests.Alpha013CollisionSafetyTests.PhysicsLayersPrefabsAndMainWorldBounds_MatchContract" methodname="PhysicsLayersPrefabsAndMainWorldBounds_MatchContract" classname="DarkFlare.Tests.Alpha013CollisionSafetyTests" runstate="Runnable" seed="1679510635" result="Passed" start-time="2026-09-10 10:45:58Z" end-time="2026-09-10 10:45:59Z" duration="0.695029" asserts="0">
              <properties>
                <property name="retryIteration" value="0" />
                <property name="repeatIteration" value="0" />
              </properties>
            </test-case>
            <test-case id="1126" name="Steering_StopsInsideContactRangeAndKeepsSpeedBounded" fullname="DarkFlare.Tests.Alpha013CollisionSafetyTests.Steering_StopsInsideContactRangeAndKeepsSpeedBounded" methodname="Steering_StopsInsideContactRangeAndKeepsSpeedBounded" classname="DarkFlare.Tests.Alpha013CollisionSafetyTests" runstate="Runnable" seed="1597278893" result="Passed" start-time="2026-09-10 10:45:59Z" end-time="2026-09-10 10:45:59Z" duration="0.000989" asserts="0">
              <properties>
                <property name="retryIteration" value="0" />
                <property name="repeatIteration" value="0" />
              </properties>
            </test-case>
            <test-case id="1127" name="Steering_UsesStableSeedDirectionForExactOverlap" fullname="DarkFlare.Tests.Alpha013CollisionSafetyTests.Steering_UsesStableSeedDirectionForExactOverlap" methodname="Steering_UsesStableSeedDirectionForExactOverlap" classname="DarkFlare.Tests.Alpha013CollisionSafetyTests" runstate="Runnable" seed="1593062115" result="Passed" start-time="2026-09-10 10:45:59Z" end-time="2026-09-10 10:45:59Z" duration="0.000327" asserts="0">
              <properties>
                <property name="retryIteration" value="0" />
                <property name="repeatIteration" value="0" />
              </properties>
            </test-case>
          </test-suite>
          <test-suite type="TestFixture" id="1130" name="Alpha014ResourceSystemTests" fullname="DarkFlare.Tests.Alpha014ResourceSystemTests" classname="DarkFlare.Tests.Alpha014ResourceSystemTests" runstate="Runnable" testcasecount="6" result="Passed" start-time="2026-09-10 10:45:59Z" end-time="2026-09-10 10:45:59Z" duration="0.038981" total="6" passed="6" failed="0" inconclusive="0" skipped="0" asserts="0">
            <properties />
            <test-case id="1131" name="CombatActor_TracksManaAndPreservesBothResourceRatios" fullname="DarkFlare.Tests.Alpha014ResourceSystemTests.CombatActor_TracksManaAndPreservesBothResourceRatios" methodname="CombatActor_TracksManaAndPreservesBothResourceRatios" classname="DarkFlare.Tests.Alpha014ResourceSystemTests" runstate="Runnable" seed="701141689" result="Passed" start-time="2026-09-10 10:45:59Z" end-time="2026-09-10 10:45:59Z" duration="0.002158" asserts="0">
              <properties>
                <property name="retryIteration" value="0" />
                <property name="repeatIteration" value="0" />
              </properties>
            </test-case>
            <test-case id="1132" name="CombatSystem_PublishesActualResourceChangesWithoutPassiveHealingFeedback" fullname="DarkFlare.Tests.Alpha014ResourceSystemTests.CombatSystem_PublishesActualResourceChangesWithoutPassiveHealingFeedback" methodname="CombatSystem_PublishesActualResourceChangesWithoutPassiveHealingFeedback" classname="DarkFlare.Tests.Alpha014ResourceSystemTests" runstate="Runnable" seed="118973570" result="Passed" start-time="2026-09-10 10:45:59Z" end-time="2026-09-10 10:45:59Z" duration="0.004327" asserts="0">
              <properties>
                <property name="retryIteration" value="0" />
                <property name="repeatIteration" value="0" />
              </properties>
              <output><![CDATA[[gameplay.combat.message] [CombatSystem] resource_events 恢复 20 点生命
]]></output>
            </test-case>
            <test-case id="1134" name="FireProjectileCommand_InsufficientManaRejectsBeforeAttackRandomSeed" fullname="DarkFlare.Tests.Alpha014ResourceSystemTests.FireProjectileCommand_InsufficientManaRejectsBeforeAttackRandomSeed" methodname="FireProjectileCommand_InsufficientManaRejectsBeforeAttackRandomSeed" classname="DarkFlare.Tests.Alpha014ResourceSystemTests" runstate="Runnable" seed="696980913" result="Passed" start-time="2026-09-10 10:45:59Z" end-time="2026-09-10 10:45:59Z" duration="0.004606" asserts="0">
              <properties>
                <property name="retryIteration" value="0" />
                <property name="repeatIteration" value="0" />
              </properties>
              <output><![CDATA[[gameplay.combat.message] [GameplayRandomSystem] 根种子: 13579（固定）
[gameplay.combat.message] [GameplayRandomSystem] 根种子: 13579（固定）
]]></output>
            </test-case>
            <test-case id="1135" name="ResourceConfiguration_ContainsTwentyThreeDefinitionsAndFormalBaselines" fullname="DarkFlare.Tests.Alpha014ResourceSystemTests.ResourceConfiguration_ContainsTwentyThreeDefinitionsAndFormalBaselines" methodname="ResourceConfiguration_ContainsTwentyThreeDefinitionsAndFormalBaselines" classname="DarkFlare.Tests.Alpha014ResourceSystemTests" runstate="Runnable" seed="2107822267" result="Passed" start-time="2026-09-10 10:45:59Z" end-time="2026-09-10 10:45:59Z" duration="0.012487" asserts="0">
              <properties>
                <property name="retryIteration" value="0" />
                <property name="repeatIteration" value="0" />
              </properties>
            </test-case>
            <test-case id="1133" name="ResourceRegeneration_UsesElapsedTimeAndStopsWhenPausedOrDead" fullname="DarkFlare.Tests.Alpha014ResourceSystemTests.ResourceRegeneration_UsesElapsedTimeAndStopsWhenPausedOrDead" methodname="ResourceRegeneration_UsesElapsedTimeAndStopsWhenPausedOrDead" classname="DarkFlare.Tests.Alpha014ResourceSystemTests" runstate="Runnable" seed="573744228" result="Passed" start-time="2026-09-10 10:45:59Z" end-time="2026-09-10 10:45:59Z" duration="0.001931" asserts="0">
              <properties>
                <property name="retryIteration" value="0" />
                <property name="repeatIteration" value="0" />
              </properties>
            </test-case>
            <test-case id="1136" name="ResourceValidators_RejectNegativeStatsAndManaCost" fullname="DarkFlare.Tests.Alpha014ResourceSystemTests.ResourceValidators_RejectNegativeStatsAndManaCost" methodname="ResourceValidators_RejectNegativeStatsAndManaCost" classname="DarkFlare.Tests.Alpha014ResourceSystemTests" runstate="Runnable" seed="720255585" result="Passed" start-time="2026-09-10 10:45:59Z" end-time="2026-09-10 10:45:59Z" duration="0.002931" asserts="0">
              <properties>
                <property name="retryIteration" value="0" />
                <property name="repeatIteration" value="0" />
              </properties>
            </test-case>
          </test-suite>
          <test-suite type="TestFixture" id="1137" name="Alpha015AffixCoverageTests" fullname="DarkFlare.Tests.Alpha015AffixCoverageTests" classname="DarkFlare.Tests.Alpha015AffixCoverageTests" runstate="Runnable" testcasecount="2" result="Passed" start-time="2026-09-10 10:45:59Z" end-time="2026-09-10 10:45:59Z" duration="0.031245" total="2" passed="2" failed="0" inconclusive="0" skipped="0" asserts="0">
            <properties />
            <test-case id="1138" name="OfficialAffixes_CoverEveryStatWithConsumableModifier" fullname="DarkFlare.Tests.Alpha015AffixCoverageTests.OfficialAffixes_CoverEveryStatWithConsumableModifier" methodname="OfficialAffixes_CoverEveryStatWithConsumableModifier" classname="DarkFlare.Tests.Alpha015AffixCoverageTests" runstate="Runnable" seed="994157081" result="Passed" start-time="2026-09-10 10:45:59Z" end-time="2026-09-10 10:45:59Z" duration="0.014750" asserts="0">
              <properties>
                <property name="retryIteration" value="0" />
                <property name="repeatIteration" value="0" />
              </properties>
            </test-case>
            <test-case id="1139" name="OfficialAffixes_HaveCompatibleItemAndReplayRolledValues" fullname="DarkFlare.Tests.Alpha015AffixCoverageTests.OfficialAffixes_HaveCompatibleItemAndReplayRolledValues" methodname="OfficialAffixes_HaveCompatibleItemAndReplayRolledValues" classname="DarkFlare.Tests.Alpha015AffixCoverageTests" runstate="Runnable" seed="957875120" result="Passed" start-time="2026-09-10 10:45:59Z" end-time="2026-09-10 10:45:59Z" duration="0.012458" asserts="0">
              <properties>
                <property name="retryIteration" value="0" />
                <property name="repeatIteration" value="0" />
              </properties>
            </test-case>
          </test-suite>
          <test-suite type="TestFixture" id="1140" name="Alpha015MonsterAffixContentTests" fullname="DarkFlare.Tests.Alpha015MonsterAffixContentTests" classname="DarkFlare.Tests.Alpha015MonsterAffixContentTests" runstate="Runnable" testcasecount="4" result="Passed" start-time="2026-09-10 10:45:59Z" end-time="2026-09-10 10:45:59Z" duration="0.130562" total="4" passed="4" failed="0" inconclusive="0" skipped="0" asserts="0">
            <properties />
            <test-case id="1141" name="OfficialMonsterAffixes_MatchFrozenContracts" fullname="DarkFlare.Tests.Alpha015MonsterAffixContentTests.OfficialMonsterAffixes_MatchFrozenContracts" methodname="OfficialMonsterAffixes_MatchFrozenContracts" classname="DarkFlare.Tests.Alpha015MonsterAffixContentTests" runstate="Runnable" seed="1839671144" result="Passed" start-time="2026-09-10 10:45:59Z" end-time="2026-09-10 10:45:59Z" duration="0.007668" asserts="0">
              <properties>
                <property name="retryIteration" value="0" />
                <property name="repeatIteration" value="0" />
              </properties>
            </test-case>
            <test-case id="1144" name="OfficialMonsterAffixes_ProduceObservableCombatEffects" fullname="DarkFlare.Tests.Alpha015MonsterAffixContentTests.OfficialMonsterAffixes_ProduceObservableCombatEffects" methodname="OfficialMonsterAffixes_ProduceObservableCombatEffects" classname="DarkFlare.Tests.Alpha015MonsterAffixContentTests" runstate="Runnable" seed="586165146" result="Passed" start-time="2026-09-10 10:45:59Z" end-time="2026-09-10 10:45:59Z" duration="0.002526" asserts="0">
              <properties>
                <property name="retryIteration" value="0" />
                <property name="repeatIteration" value="0" />
              </properties>
            </test-case>
            <test-case id="1143" name="OfficialMonsterGeneration_ReplaysAndEventuallyCoversAllAffixes" fullname="DarkFlare.Tests.Alpha015MonsterAffixContentTests.OfficialMonsterGeneration_ReplaysAndEventuallyCoversAllAffixes" methodname="OfficialMonsterGeneration_ReplaysAndEventuallyCoversAllAffixes" classname="DarkFlare.Tests.Alpha015MonsterAffixContentTests" runstate="Runnable" seed="128944997" result="Passed" start-time="2026-09-10 10:45:59Z" end-time="2026-09-10 10:45:59Z" duration="0.112318" asserts="0">
              <properties>
                <property name="retryIteration" value="0" />
                <property name="repeatIteration" value="0" />
              </properties>
            </test-case>
            <test-case id="1142" name="OfficialMonsters_ExposeCompleteZeroToTwoAffixPools" fullname="DarkFlare.Tests.Alpha015MonsterAffixContentTests.OfficialMonsters_ExposeCompleteZeroToTwoAffixPools" methodname="OfficialMonsters_ExposeCompleteZeroToTwoAffixPools" classname="DarkFlare.Tests.Alpha015MonsterAffixContentTests" runstate="Runnable" seed="1858674977" result="Passed" start-time="2026-09-10 10:45:59Z" end-time="2026-09-10 10:45:59Z" duration="0.005272" asserts="0">
              <properties>
                <property name="retryIteration" value="0" />
                <property name="repeatIteration" value="0" />
              </properties>
            </test-case>
          </test-suite>
          <test-suite type="TestFixture" id="1145" name="Alpha015MonsterAffixTests" fullname="DarkFlare.Tests.Alpha015MonsterAffixTests" classname="DarkFlare.Tests.Alpha015MonsterAffixTests" runstate="Runnable" testcasecount="6" result="Passed" start-time="2026-09-10 10:45:59Z" end-time="2026-09-10 10:45:59Z" duration="0.023942" total="6" passed="6" failed="0" inconclusive="0" skipped="0" asserts="0">
            <properties />
            <test-case id="1146" name="Generator_ReplaysSelectionAndValuesFromRootSeed" fullname="DarkFlare.Tests.Alpha015MonsterAffixTests.Generator_ReplaysSelectionAndValuesFromRootSeed" methodname="Generator_ReplaysSelectionAndValuesFromRootSeed" classname="DarkFlare.Tests.Alpha015MonsterAffixTests" runstate="Runnable" seed="1795893831" result="Passed" start-time="2026-09-10 10:45:59Z" end-time="2026-09-10 10:45:59Z" duration="0.002106" asserts="0">
              <properties>
                <property name="retryIteration" value="0" />
                <property name="repeatIteration" value="0" />
              </properties>
            </test-case>
            <test-case id="1147" name="Generator_SelectsWithoutReplacementFromExclusiveGroups" fullname="DarkFlare.Tests.Alpha015MonsterAffixTests.Generator_SelectsWithoutReplacementFromExclusiveGroups" methodname="Generator_SelectsWithoutReplacementFromExclusiveGroups" classname="DarkFlare.Tests.Alpha015MonsterAffixTests" runstate="Runnable" seed="703166042" result="Passed" start-time="2026-09-10 10:45:59Z" end-time="2026-09-10 10:45:59Z" duration="0.000796" asserts="0">
              <properties>
                <property name="retryIteration" value="0" />
                <property name="repeatIteration" value="0" />
              </properties>
            </test-case>
            <test-case id="1148" name="Generator_UsesConfiguredWeights" fullname="DarkFlare.Tests.Alpha015MonsterAffixTests.Generator_UsesConfiguredWeights" methodname="Generator_UsesConfiguredWeights" classname="DarkFlare.Tests.Alpha015MonsterAffixTests" runstate="Runnable" seed="1938812421" result="Passed" start-time="2026-09-10 10:45:59Z" end-time="2026-09-10 10:45:59Z" duration="0.009981" asserts="0">
              <properties>
                <property name="retryIteration" value="0" />
                <property name="repeatIteration" value="0" />
              </properties>
            </test-case>
            <test-case id="1150" name="MonsterDefinition_AppliesRolledGlobalStatsToEffectiveSnapshot" fullname="DarkFlare.Tests.Alpha015MonsterAffixTests.MonsterDefinition_AppliesRolledGlobalStatsToEffectiveSnapshot" methodname="MonsterDefinition_AppliesRolledGlobalStatsToEffectiveSnapshot" classname="DarkFlare.Tests.Alpha015MonsterAffixTests" runstate="Runnable" seed="948837602" result="Passed" start-time="2026-09-10 10:45:59Z" end-time="2026-09-10 10:45:59Z" duration="0.000823" asserts="0">
              <properties>
                <property name="retryIteration" value="0" />
                <property name="repeatIteration" value="0" />
              </properties>
            </test-case>
            <test-case id="1149" name="MonsterDefinition_SeparatesHealthSelectionAndAffixValueStreams" fullname="DarkFlare.Tests.Alpha015MonsterAffixTests.MonsterDefinition_SeparatesHealthSelectionAndAffixValueStreams" methodname="MonsterDefinition_SeparatesHealthSelectionAndAffixValueStreams" classname="DarkFlare.Tests.Alpha015MonsterAffixTests" runstate="Runnable" seed="1945883589" result="Passed" start-time="2026-09-10 10:45:59Z" end-time="2026-09-10 10:45:59Z" duration="0.000644" asserts="0">
              <properties>
                <property name="retryIteration" value="0" />
                <property name="repeatIteration" value="0" />
              </properties>
            </test-case>
            <test-case id="1151" name="Validator_RejectsItemScopeAndUnsupportedOperations" fullname="DarkFlare.Tests.Alpha015MonsterAffixTests.Validator_RejectsItemScopeAndUnsupportedOperations" methodname="Validator_RejectsItemScopeAndUnsupportedOperations" classname="DarkFlare.Tests.Alpha015MonsterAffixTests" runstate="Runnable" seed="111615186" result="Passed" start-time="2026-09-10 10:45:59Z" end-time="2026-09-10 10:45:59Z" duration="0.000635" asserts="0">
              <properties>
                <property name="retryIteration" value="0" />
                <property name="repeatIteration" value="0" />
              </properties>
            </test-case>
          </test-suite>
          <test-suite type="TestFixture" id="1152" name="Alpha017BaselineTests" fullname="DarkFlare.Tests.Alpha017BaselineTests" classname="DarkFlare.Tests.Alpha017BaselineTests" runstate="Runnable" testcasecount="8" result="Passed" start-time="2026-09-10 10:45:59Z" end-time="2026-09-10 10:45:59Z" duration="0.313346" total="8" passed="8" failed="0" inconclusive="0" skipped="0" asserts="0">
            <properties />
            <test-case id="1159" name="CombatEvents_ResolveBeforeDamage_AndNonDamageOutcomesNeverEmitDamage" fullname="DarkFlare.Tests.Alpha017BaselineTests.CombatEvents_ResolveBeforeDamage_AndNonDamageOutcomesNeverEmitDamage" methodname="CombatEvents_ResolveBeforeDamage_AndNonDamageOutcomesNeverEmitDamage" classname="DarkFlare.Tests.Alpha017BaselineTests" runstate="Runnable" seed="38521288" result="Passed" start-time="2026-09-10 10:45:59Z" end-time="2026-09-10 10:45:59Z" duration="0.004131" asserts="0">
              <properties>
                <property name="retryIteration" value="0" />
                <property name="repeatIteration" value="0" />
              </properties>
              <output><![CDATA[[gameplay.combat.message] [CombatSystem] alpha017_attacker 对 alpha017_hit 造成 10 点伤害
]]></output>
            </test-case>
            <test-case id="1160" name="CombatText_FreezesEnemyTeamAndOutcomeSemantics" fullname="DarkFlare.Tests.Alpha017BaselineTests.CombatText_FreezesEnemyTeamAndOutcomeSemantics" methodname="CombatText_FreezesEnemyTeamAndOutcomeSemantics" classname="DarkFlare.Tests.Alpha017BaselineTests" runstate="Runnable" seed="674513967" result="Passed" start-time="2026-09-10 10:45:59Z" end-time="2026-09-10 10:45:59Z" duration="0.001377" asserts="0">
              <properties>
                <property name="retryIteration" value="0" />
                <property name="repeatIteration" value="0" />
              </properties>
            </test-case>
            <test-case id="1153" name="ConfigurationDiscovery_FreezesTwelveTopLevelAndSevenNestedStructures" fullname="DarkFlare.Tests.Alpha017BaselineTests.ConfigurationDiscovery_FreezesTwelveTopLevelAndSevenNestedStructures" methodname="ConfigurationDiscovery_FreezesTwelveTopLevelAndSevenNestedStructures" classname="DarkFlare.Tests.Alpha017BaselineTests" runstate="Runnable" seed="737767233" result="Passed" start-time="2026-09-10 10:45:59Z" end-time="2026-09-10 10:45:59Z" duration="0.207509" asserts="0">
              <properties>
                <property name="retryIteration" value="0" />
                <property name="repeatIteration" value="0" />
              </properties>
            </test-case>
            <test-case id="1156" name="EffectClips_BindEveryIndependentFrameInContractOrder" fullname="DarkFlare.Tests.Alpha017BaselineTests.EffectClips_BindEveryIndependentFrameInContractOrder" methodname="EffectClips_BindEveryIndependentFrameInContractOrder" classname="DarkFlare.Tests.Alpha017BaselineTests" runstate="Runnable" seed="230938524" result="Passed" start-time="2026-09-10 10:45:59Z" end-time="2026-09-10 10:45:59Z" duration="0.011846" asserts="0">
              <properties>
                <property name="retryIteration" value="0" />
                <property name="repeatIteration" value="0" />
              </properties>
            </test-case>
            <test-case id="1155" name="EffectFrames_AreImportedAsIndependentContractSprites" fullname="DarkFlare.Tests.Alpha017BaselineTests.EffectFrames_AreImportedAsIndependentContractSprites" methodname="EffectFrames_AreImportedAsIndependentContractSprites" classname="DarkFlare.Tests.Alpha017BaselineTests" runstate="Runnable" seed="519575375" result="Passed" start-time="2026-09-10 10:45:59Z" end-time="2026-09-10 10:45:59Z" duration="0.010172" asserts="0">
              <properties>
                <property name="retryIteration" value="0" />
                <property name="repeatIteration" value="0" />
              </properties>
            </test-case>
            <test-case id="1154" name="EffectManifests_FreezeTwentyThreeIndependentSingleSpriteFrames" fullname="DarkFlare.Tests.Alpha017BaselineTests.EffectManifests_FreezeTwentyThreeIndependentSingleSpriteFrames" methodname="EffectManifests_FreezeTwentyThreeIndependentSingleSpriteFrames" classname="DarkFlare.Tests.Alpha017BaselineTests" runstate="Runnable" seed="1007571037" result="Passed" start-time="2026-09-10 10:45:59Z" end-time="2026-09-10 10:45:59Z" duration="0.004425" asserts="0">
              <properties>
                <property name="retryIteration" value="0" />
                <property name="repeatIteration" value="0" />
              </properties>
            </test-case>
            <test-case id="1157" name="ProjectileFlight_FreezesImporterAndRuntimeVisibleSize" fullname="DarkFlare.Tests.Alpha017BaselineTests.ProjectileFlight_FreezesImporterAndRuntimeVisibleSize" methodname="ProjectileFlight_FreezesImporterAndRuntimeVisibleSize" classname="DarkFlare.Tests.Alpha017BaselineTests" runstate="Runnable" seed="2108326054" result="Passed" start-time="2026-09-10 10:45:59Z" end-time="2026-09-10 10:45:59Z" duration="0.057547" asserts="0">
              <properties>
                <property name="retryIteration" value="0" />
                <property name="repeatIteration" value="0" />
              </properties>
            </test-case>
            <test-case id="1158" name="VisualMigrationValidation_UsesOnlyNamedTargetsAndHasNoRemainingGap" fullname="DarkFlare.Tests.Alpha017BaselineTests.VisualMigrationValidation_UsesOnlyNamedTargetsAndHasNoRemainingGap" methodname="VisualMigrationValidation_UsesOnlyNamedTargetsAndHasNoRemainingGap" classname="DarkFlare.Tests.Alpha017BaselineTests" runstate="Runnable" seed="1861956578" result="Passed" start-time="2026-09-10 10:45:59Z" end-time="2026-09-10 10:45:59Z" duration="0.012902" asserts="0">
              <properties>
                <property name="retryIteration" value="0" />
                <property name="repeatIteration" value="0" />
              </properties>
            </test-case>
          </test-suite>
          <test-suite type="TestFixture" id="1161" name="Alpha017EffectRuntimeTests" fullname="DarkFlare.Tests.Alpha017EffectRuntimeTests" classname="DarkFlare.Tests.Alpha017EffectRuntimeTests" runstate="Runnable" testcasecount="7" result="Passed" start-time="2026-09-10 10:45:59Z" end-time="2026-09-10 10:45:59Z" duration="0.020388" total="7" passed="7" failed="0" inconclusive="0" skipped="0" asserts="0">
            <properties />
            <test-case id="1165" name="ActorPrefabs_HaveStableHitAnchorAndExplicitEffectDependencies" fullname="DarkFlare.Tests.Alpha017EffectRuntimeTests.ActorPrefabs_HaveStableHitAnchorAndExplicitEffectDependencies" methodname="ActorPrefabs_HaveStableHitAnchorAndExplicitEffectDependencies" classname="DarkFlare.Tests.Alpha017EffectRuntimeTests" runstate="Runnable" seed="1651738302" result="Passed" start-time="2026-09-10 10:45:59Z" end-time="2026-09-10 10:45:59Z" duration="0.002062" asserts="0">
              <properties>
                <property name="retryIteration" value="0" />
                <property name="repeatIteration" value="0" />
              </properties>
            </test-case>
            <test-case id="1162" name="DamageTint_UsesLargestFinalDamageAndStableTypePriority" fullname="DarkFlare.Tests.Alpha017EffectRuntimeTests.DamageTint_UsesLargestFinalDamageAndStableTypePriority" methodname="DamageTint_UsesLargestFinalDamageAndStableTypePriority" classname="DarkFlare.Tests.Alpha017EffectRuntimeTests" runstate="Runnable" seed="1325878705" result="Passed" start-time="2026-09-10 10:45:59Z" end-time="2026-09-10 10:45:59Z" duration="0.003433" asserts="0">
              <properties>
                <property name="retryIteration" value="0" />
                <property name="repeatIteration" value="0" />
              </properties>
            </test-case>
            <test-case id="1163" name="EffectSemantics_SeparateContactFromActualActorDamage" fullname="DarkFlare.Tests.Alpha017EffectRuntimeTests.EffectSemantics_SeparateContactFromActualActorDamage" methodname="EffectSemantics_SeparateContactFromActualActorDamage" classname="DarkFlare.Tests.Alpha017EffectRuntimeTests" runstate="Runnable" seed="1557237107" result="Passed" start-time="2026-09-10 10:45:59Z" end-time="2026-09-10 10:45:59Z" duration="0.000292" asserts="0">
              <properties>
                <property name="retryIteration" value="0" />
                <property name="repeatIteration" value="0" />
              </properties>
            </test-case>
            <test-suite type="ParameterizedMethod" id="1169" name="OneShotEffectPrefabs_AreInactiveUnitScaleAndPoolReady" fullname="DarkFlare.Tests.Alpha017EffectRuntimeTests.OneShotEffectPrefabs_AreInactiveUnitScaleAndPoolReady" classname="DarkFlare.Tests.Alpha017EffectRuntimeTests" runstate="Runnable" testcasecount="3" result="Passed" start-time="2026-09-10 10:45:59Z" end-time="2026-09-10 10:45:59Z" duration="0.004519" total="3" passed="3" failed="0" inconclusive="0" skipped="0" asserts="0">
              <properties />
              <test-case id="1166" name="OneShotEffectPrefabs_AreInactiveUnitScaleAndPoolReady(&quot;Assets/Prefabs/Effects/Projectile_Arcane_Impact.prefab&quot;,&quot;effect_projectile_arcane_impact_00&quot;,&quot;Projectile_Arcane_Impact.controller&quot;)" fullname="DarkFlare.Tests.Alpha017EffectRuntimeTests.OneShotEffectPrefabs_AreInactiveUnitScaleAndPoolReady(&quot;Assets/Prefabs/Effects/Projectile_Arcane_Impact.prefab&quot;,&quot;effect_projectile_arcane_impact_00&quot;,&quot;Projectile_Arcane_Impact.controller&quot;)" methodname="OneShotEffectPrefabs_AreInactiveUnitScaleAndPoolReady" classname="DarkFlare.Tests.Alpha017EffectRuntimeTests" runstate="Runnable" seed="202948679" result="Passed" start-time="2026-09-10 10:45:59Z" end-time="2026-09-10 10:45:59Z" duration="0.001468" asserts="0">
                <properties>
                  <property name="retryIteration" value="0" />
                  <property name="repeatIteration" value="0" />
                </properties>
              </test-case>
              <test-case id="1167" name="OneShotEffectPrefabs_AreInactiveUnitScaleAndPoolReady(&quot;Assets/Prefabs/Effects/Actor_Hit_Default.prefab&quot;,&quot;effect_hit_default_00&quot;,&quot;Actor_Hit_Default.controller&quot;)" fullname="DarkFlare.Tests.Alpha017EffectRuntimeTests.OneShotEffectPrefabs_AreInactiveUnitScaleAndPoolReady(&quot;Assets/Prefabs/Effects/Actor_Hit_Default.prefab&quot;,&quot;effect_hit_default_00&quot;,&quot;Actor_Hit_Default.controller&quot;)" methodname="OneShotEffectPrefabs_AreInactiveUnitScaleAndPoolReady" classname="DarkFlare.Tests.Alpha017EffectRuntimeTests" runstate="Runnable" seed="56398125" result="Passed" start-time="2026-09-10 10:45:59Z" end-time="2026-09-10 10:45:59Z" duration="0.000617" asserts="0">
                <properties>
                  <property name="retryIteration" value="0" />
                  <property name="repeatIteration" value="0" />
                </properties>
              </test-case>
              <test-case id="1168" name="OneShotEffectPrefabs_AreInactiveUnitScaleAndPoolReady(&quot;Assets/Prefabs/Effects/Actor_Hit_Critical.prefab&quot;,&quot;effect_hit_critical_00&quot;,&quot;Actor_Hit_Critical.controller&quot;)" fullname="DarkFlare.Tests.Alpha017EffectRuntimeTests.OneShotEffectPrefabs_AreInactiveUnitScaleAndPoolReady(&quot;Assets/Prefabs/Effects/Actor_Hit_Critical.prefab&quot;,&quot;effect_hit_critical_00&quot;,&quot;Actor_Hit_Critical.controller&quot;)" methodname="OneShotEffectPrefabs_AreInactiveUnitScaleAndPoolReady" classname="DarkFlare.Tests.Alpha017EffectRuntimeTests" runstate="Runnable" seed="368761227" result="Passed" start-time="2026-09-10 10:45:59Z" end-time="2026-09-10 10:45:59Z" duration="0.000565" asserts="0">
                <properties>
                  <property name="retryIteration" value="0" />
                  <property name="repeatIteration" value="0" />
                </properties>
              </test-case>
            </test-suite>
            <test-case id="1164" name="ProjectilePrefab_PreservesPhysicsRootAndUsesFlightVisualChild" fullname="DarkFlare.Tests.Alpha017EffectRuntimeTests.ProjectilePrefab_PreservesPhysicsRootAndUsesFlightVisualChild" methodname="ProjectilePrefab_PreservesPhysicsRootAndUsesFlightVisualChild" classname="DarkFlare.Tests.Alpha017EffectRuntimeTests" runstate="Runnable" seed="1641674692" result="Passed" start-time="2026-09-10 10:45:59Z" end-time="2026-09-10 10:45:59Z" duration="0.000900" asserts="0">
              <properties>
                <property name="retryIteration" value="0" />
                <property name="repeatIteration" value="0" />
              </properties>
            </test-case>
          </test-suite>
          <test-suite type="TestFixture" id="1170" name="Alpha017WorldSortingTests" fullname="DarkFlare.Tests.Alpha017WorldSortingTests" classname="DarkFlare.Tests.Alpha017WorldSortingTests" runstate="Runnable" testcasecount="9" result="Passed" start-time="2026-09-10 10:45:59Z" end-time="2026-09-10 10:45:59Z" duration="0.034534" total="9" passed="9" failed="0" inconclusive="0" skipped="0" asserts="0">
            <properties />
            <test-case id="1176" name="DedicatedEffectPrefabs_UseFrozenLayersAndOrders" fullname="DarkFlare.Tests.Alpha017WorldSortingTests.DedicatedEffectPrefabs_UseFrozenLayersAndOrders" methodname="DedicatedEffectPrefabs_UseFrozenLayersAndOrders" classname="DarkFlare.Tests.Alpha017WorldSortingTests" runstate="Runnable" seed="532114997" result="Passed" start-time="2026-09-10 10:45:59Z" end-time="2026-09-10 10:45:59Z" duration="0.002058" asserts="0">
              <properties>
                <property name="retryIteration" value="0" />
                <property name="repeatIteration" value="0" />
              </properties>
            </test-case>
            <test-case id="1178" name="MainScene_HasFrozenGroundAndWorldObjectContracts" fullname="DarkFlare.Tests.Alpha017WorldSortingTests.MainScene_HasFrozenGroundAndWorldObjectContracts" methodname="MainScene_HasFrozenGroundAndWorldObjectContracts" classname="DarkFlare.Tests.Alpha017WorldSortingTests" runstate="Runnable" seed="462309335" result="Passed" start-time="2026-09-10 10:45:59Z" end-time="2026-09-10 10:45:59Z" duration="0.016992" asserts="0">
              <properties>
                <property name="retryIteration" value="0" />
                <property name="repeatIteration" value="0" />
              </properties>
            </test-case>
            <test-case id="1174" name="SortingSystem_RejectsDuplicateOrEmptyStableIdsAndReleasesCleanly" fullname="DarkFlare.Tests.Alpha017WorldSortingTests.SortingSystem_RejectsDuplicateOrEmptyStableIdsAndReleasesCleanly" methodname="SortingSystem_RejectsDuplicateOrEmptyStableIdsAndReleasesCleanly" classname="DarkFlare.Tests.Alpha017WorldSortingTests" runstate="Runnable" seed="523962181" result="Passed" start-time="2026-09-10 10:45:59Z" end-time="2026-09-10 10:45:59Z" duration="0.004826" asserts="0">
              <properties>
                <property name="retryIteration" value="0" />
                <property name="repeatIteration" value="0" />
              </properties>
              <output><![CDATA[[gameplay.visual.message] [WorldSortingSystem] StableSortId 重复：stable
[gameplay.visual.message] [WorldSortingSystem] StableSortId 不能为空
]]></output>
            </test-case>
            <test-case id="1179" name="SortingSystem_ReleasesDestroyedStableIdForReuse" fullname="DarkFlare.Tests.Alpha017WorldSortingTests.SortingSystem_ReleasesDestroyedStableIdForReuse" methodname="SortingSystem_ReleasesDestroyedStableIdForReuse" classname="DarkFlare.Tests.Alpha017WorldSortingTests" runstate="Runnable" seed="2008951535" result="Passed" start-time="2026-09-10 10:45:59Z" end-time="2026-09-10 10:45:59Z" duration="0.001310" asserts="0">
              <properties>
                <property name="retryIteration" value="0" />
                <property name="repeatIteration" value="0" />
              </properties>
            </test-case>
            <test-case id="1173" name="SortingSystem_UnchangedKeysAllocateNoManagedMemory" fullname="DarkFlare.Tests.Alpha017WorldSortingTests.SortingSystem_UnchangedKeysAllocateNoManagedMemory" methodname="SortingSystem_UnchangedKeysAllocateNoManagedMemory" classname="DarkFlare.Tests.Alpha017WorldSortingTests" runstate="Runnable" seed="1812439435" result="Passed" start-time="2026-09-10 10:45:59Z" end-time="2026-09-10 10:45:59Z" duration="0.002237" asserts="0">
              <properties>
                <property name="retryIteration" value="0" />
                <property name="repeatIteration" value="0" />
              </properties>
            </test-case>
            <test-case id="1172" name="SortingSystem_UpdatesOnlyAfterQuantizedMovementAndAssignsUniqueOrders" fullname="DarkFlare.Tests.Alpha017WorldSortingTests.SortingSystem_UpdatesOnlyAfterQuantizedMovementAndAssignsUniqueOrders" methodname="SortingSystem_UpdatesOnlyAfterQuantizedMovementAndAssignsUniqueOrders" classname="DarkFlare.Tests.Alpha017WorldSortingTests" runstate="Runnable" seed="625086852" result="Passed" start-time="2026-09-10 10:45:59Z" end-time="2026-09-10 10:45:59Z" duration="0.001169" asserts="0">
              <properties>
                <property name="retryIteration" value="0" />
                <property name="repeatIteration" value="0" />
              </properties>
            </test-case>
            <test-case id="1171" name="SortKey_QuantizesYAndUsesFrozenTieBreakerOrder" fullname="DarkFlare.Tests.Alpha017WorldSortingTests.SortKey_QuantizesYAndUsesFrozenTieBreakerOrder" methodname="SortKey_QuantizesYAndUsesFrozenTieBreakerOrder" classname="DarkFlare.Tests.Alpha017WorldSortingTests" runstate="Runnable" seed="174804345" result="Passed" start-time="2026-09-10 10:45:59Z" end-time="2026-09-10 10:45:59Z" duration="0.000991" asserts="0">
              <properties>
                <property name="retryIteration" value="0" />
                <property name="repeatIteration" value="0" />
              </properties>
            </test-case>
            <test-case id="1175" name="WorldObjectPrefabs_HaveOneGroupParticipantAnchorAndNoDefaultRenderer" fullname="DarkFlare.Tests.Alpha017WorldSortingTests.WorldObjectPrefabs_HaveOneGroupParticipantAnchorAndNoDefaultRenderer" methodname="WorldObjectPrefabs_HaveOneGroupParticipantAnchorAndNoDefaultRenderer" classname="DarkFlare.Tests.Alpha017WorldSortingTests" runstate="Runnable" seed="7052096" result="Passed" start-time="2026-09-10 10:45:59Z" end-time="2026-09-10 10:45:59Z" duration="0.001427" asserts="0">
              <properties>
                <property name="retryIteration" value="0" />
                <property name="repeatIteration" value="0" />
              </properties>
            </test-case>
            <test-case id="1177" name="WorldObjectPrefabs_UseFrozenInternalOrders" fullname="DarkFlare.Tests.Alpha017WorldSortingTests.WorldObjectPrefabs_UseFrozenInternalOrders" methodname="WorldObjectPrefabs_UseFrozenInternalOrders" classname="DarkFlare.Tests.Alpha017WorldSortingTests" runstate="Runnable" seed="1471296869" result="Passed" start-time="2026-09-10 10:45:59Z" end-time="2026-09-10 10:45:59Z" duration="0.001361" asserts="0">
              <properties>
                <property name="retryIteration" value="0" />
                <property name="repeatIteration" value="0" />
              </properties>
            </test-case>
          </test-suite>
          <test-suite type="TestFixture" id="1180" name="Alpha01TagMigrationCharacterizationTests" fullname="DarkFlare.Tests.Alpha01TagMigrationCharacterizationTests" classname="DarkFlare.Tests.Alpha01TagMigrationCharacterizationTests" runstate="Runnable" testcasecount="10" result="Passed" start-time="2026-09-10 10:45:59Z" end-time="2026-09-10 10:46:00Z" duration="0.025155" total="10" passed="10" failed="0" inconclusive="0" skipped="0" asserts="0">
            <properties />
            <test-case id="1190" name="AttackSnapshot_DeepCopiesAllTagScopesPacketsStatsAndModifierLists" fullname="DarkFlare.Tests.Alpha01TagMigrationCharacterizationTests.AttackSnapshot_DeepCopiesAllTagScopesPacketsStatsAndModifierLists" methodname="AttackSnapshot_DeepCopiesAllTagScopesPacketsStatsAndModifierLists" classname="DarkFlare.Tests.Alpha01TagMigrationCharacterizationTests" runstate="Runnable" seed="283704230" result="Passed" start-time="2026-09-10 10:45:59Z" end-time="2026-09-10 10:45:59Z" duration="0.001052" asserts="0">
              <properties>
                <property name="retryIteration" value="0" />
                <property name="repeatIteration" value="0" />
              </properties>
            </test-case>
            <test-case id="1183" name="CombatTagContext_FlattenKeepsEveryScopeIsolated" fullname="DarkFlare.Tests.Alpha01TagMigrationCharacterizationTests.CombatTagContext_FlattenKeepsEveryScopeIsolated" methodname="CombatTagContext_FlattenKeepsEveryScopeIsolated" classname="DarkFlare.Tests.Alpha01TagMigrationCharacterizationTests" runstate="Runnable" seed="2117043552" result="Passed" start-time="2026-09-10 10:45:59Z" end-time="2026-09-10 10:45:59Z" duration="0.000518" asserts="0">
              <properties>
                <property name="retryIteration" value="0" />
                <property name="repeatIteration" value="0" />
              </properties>
            </test-case>
            <test-case id="1185" name="DamageConversion_PreservesPhysicalLineageAndCapsTotalAtOneHundredPercent" fullname="DarkFlare.Tests.Alpha01TagMigrationCharacterizationTests.DamageConversion_PreservesPhysicalLineageAndCapsTotalAtOneHundredPercent" methodname="DamageConversion_PreservesPhysicalLineageAndCapsTotalAtOneHundredPercent" classname="DarkFlare.Tests.Alpha01TagMigrationCharacterizationTests" runstate="Runnable" seed="515494852" result="Passed" start-time="2026-09-10 10:45:59Z" end-time="2026-09-10 10:45:59Z" duration="0.000862" asserts="0">
              <properties>
                <property name="retryIteration" value="0" />
                <property name="repeatIteration" value="0" />
              </properties>
            </test-case>
            <test-case id="1187" name="DamagePipeline_KeepsLegacyIncreaseCriticalAndArmorBaselines" fullname="DarkFlare.Tests.Alpha01TagMigrationCharacterizationTests.DamagePipeline_KeepsLegacyIncreaseCriticalAndArmorBaselines" methodname="DamagePipeline_KeepsLegacyIncreaseCriticalAndArmorBaselines" classname="DarkFlare.Tests.Alpha01TagMigrationCharacterizationTests" runstate="Runnable" seed="1037498859" result="Passed" start-time="2026-09-10 10:45:59Z" end-time="2026-09-10 10:45:59Z" duration="0.000348" asserts="0">
              <properties>
                <property name="retryIteration" value="0" />
                <property name="repeatIteration" value="0" />
              </properties>
            </test-case>
            <test-case id="1189" name="EquipmentComparison_DoesNotFlattenRequiredAnyModifier" fullname="DarkFlare.Tests.Alpha01TagMigrationCharacterizationTests.EquipmentComparison_DoesNotFlattenRequiredAnyModifier" methodname="EquipmentComparison_DoesNotFlattenRequiredAnyModifier" classname="DarkFlare.Tests.Alpha01TagMigrationCharacterizationTests" runstate="Runnable" seed="1349642904" result="Passed" start-time="2026-09-10 10:45:59Z" end-time="2026-09-10 10:45:59Z" duration="0.001707" asserts="0">
              <properties>
                <property name="retryIteration" value="0" />
                <property name="repeatIteration" value="0" />
              </properties>
            </test-case>
            <test-case id="1186" name="GainAsExtra_PreservesSourceAndConvertedDamageLineage" fullname="DarkFlare.Tests.Alpha01TagMigrationCharacterizationTests.GainAsExtra_PreservesSourceAndConvertedDamageLineage" methodname="GainAsExtra_PreservesSourceAndConvertedDamageLineage" classname="DarkFlare.Tests.Alpha01TagMigrationCharacterizationTests" runstate="Runnable" seed="1406720635" result="Passed" start-time="2026-09-10 10:45:59Z" end-time="2026-09-10 10:45:59Z" duration="0.000316" asserts="0">
              <properties>
                <property name="retryIteration" value="0" />
                <property name="repeatIteration" value="0" />
              </properties>
            </test-case>
            <test-case id="1188" name="LegacyAndScopedModifiers_ReadOnlyTheirOriginalContexts" fullname="DarkFlare.Tests.Alpha01TagMigrationCharacterizationTests.LegacyAndScopedModifiers_ReadOnlyTheirOriginalContexts" methodname="LegacyAndScopedModifiers_ReadOnlyTheirOriginalContexts" classname="DarkFlare.Tests.Alpha01TagMigrationCharacterizationTests" runstate="Runnable" seed="633752080" result="Passed" start-time="2026-09-10 10:45:59Z" end-time="2026-09-10 10:46:00Z" duration="0.000835" asserts="0">
              <properties>
                <property name="retryIteration" value="0" />
                <property name="repeatIteration" value="0" />
              </properties>
            </test-case>
[...]
          <properties>
            <property name="retryIteration" value="0" />
            <property name="repeatIteration" value="0" />
          </properties>
        </test-case>
        <test-case id="1060" name="MoveInventoryItemCommand_SendsFinalPlacementEvent" fullname="InventoryDragTransactionTests.MoveInventoryItemCommand_SendsFinalPlacementEvent" methodname="MoveInventoryItemCommand_SendsFinalPlacementEvent" classname="InventoryDragTransactionTests" runstate="Runnable" seed="1597067623" result="Passed" start-time="2026-09-10 10:46:10Z" end-time="2026-09-10 10:46:10Z" duration="0.001332" asserts="0">
          <properties>
            <property name="retryIteration" value="0" />
            <property name="repeatIteration" value="0" />
          </properties>
        </test-case>
        <test-case id="1062" name="UnequipAndRingMove_UseExplicitTargetsAtomically" fullname="InventoryDragTransactionTests.UnequipAndRingMove_UseExplicitTargetsAtomically" methodname="UnequipAndRingMove_UseExplicitTargetsAtomically" classname="InventoryDragTransactionTests" runstate="Runnable" seed="387973634" result="Passed" start-time="2026-09-10 10:46:10Z" end-time="2026-09-10 10:46:10Z" duration="0.004172" asserts="0">
          <properties>
            <property name="retryIteration" value="0" />
            <property name="repeatIteration" value="0" />
          </properties>
          <output><![CDATA[[gameplay.combat.message] [EquipmentSystem] drag_equipment_actor 的左戒指已装备 left_ring
[gameplay.combat.message] [EquipmentSystem] drag_equipment_actor 的右戒指已装备 right_ring
[gameplay.combat.message] [EquipmentSystem] drag_equipment_actor 将装备从左戒指移动到右戒指
[gameplay.combat.message] [EquipmentSystem] drag_equipment_actor 从右戒指精确卸下了 left_ring
]]></output>
        </test-case>
      </test-suite>
      <test-suite type="TestFixture" id="1063" name="InventoryGridTests" fullname="InventoryGridTests" classname="InventoryGridTests" runstate="Runnable" testcasecount="6" result="Passed" start-time="2026-09-10 10:46:10Z" end-time="2026-09-10 10:46:10Z" duration="0.006569" total="6" passed="6" failed="0" inconclusive="0" skipped="0" asserts="0">
        <properties />
        <test-case id="1064" name="TryAdd_PlacesItemAtOrigin_AndMarksExpectedCells" fullname="InventoryGridTests.TryAdd_PlacesItemAtOrigin_AndMarksExpectedCells" methodname="TryAdd_PlacesItemAtOrigin_AndMarksExpectedCells" classname="InventoryGridTests" runstate="Runnable" seed="917000877" result="Passed" start-time="2026-09-10 10:46:10Z" end-time="2026-09-10 10:46:10Z" duration="0.000731" asserts="0">
          <properties>
            <property name="retryIteration" value="0" />
            <property name="repeatIteration" value="0" />
          </properties>
        </test-case>
        <test-case id="1065" name="TryAdd_ReturnsFalse_WhenGridIsFull" fullname="InventoryGridTests.TryAdd_ReturnsFalse_WhenGridIsFull" methodname="TryAdd_ReturnsFalse_WhenGridIsFull" classname="InventoryGridTests" runstate="Runnable" seed="2015487281" result="Passed" start-time="2026-09-10 10:46:10Z" end-time="2026-09-10 10:46:10Z" duration="0.000217" asserts="0">
          <properties>
            <property name="retryIteration" value="0" />
            <property name="repeatIteration" value="0" />
          </properties>
        </test-case>
        <test-case id="1066" name="TryAdd_Succeeds_AfterRemovingBlockingItem" fullname="InventoryGridTests.TryAdd_Succeeds_AfterRemovingBlockingItem" methodname="TryAdd_Succeeds_AfterRemovingBlockingItem" classname="InventoryGridTests" runstate="Runnable" seed="1343503538" result="Passed" start-time="2026-09-10 10:46:10Z" end-time="2026-09-10 10:46:10Z" duration="0.000206" asserts="0">
          <properties>
            <property name="retryIteration" value="0" />
            <property name="repeatIteration" value="0" />
          </properties>
        </test-case>
        <test-case id="1067" name="TryAdd_TwoItems_DoNotOverlap" fullname="InventoryGridTests.TryAdd_TwoItems_DoNotOverlap" methodname="TryAdd_TwoItems_DoNotOverlap" classname="InventoryGridTests" runstate="Runnable" seed="241364352" result="Passed" start-time="2026-09-10 10:46:10Z" end-time="2026-09-10 10:46:10Z" duration="0.000219" asserts="0">
          <properties>
            <property name="retryIteration" value="0" />
            <property name="repeatIteration" value="0" />
          </properties>
        </test-case>
        <test-case id="1069" name="TryExchange_LeavesGridUnchanged_WhenReplacementDoesNotFit" fullname="InventoryGridTests.TryExchange_LeavesGridUnchanged_WhenReplacementDoesNotFit" methodname="TryExchange_LeavesGridUnchanged_WhenReplacementDoesNotFit" classname="InventoryGridTests" runstate="Runnable" seed="795778959" result="Passed" start-time="2026-09-10 10:46:10Z" end-time="2026-09-10 10:46:10Z" duration="0.000303" asserts="0">
          <properties>
            <property name="retryIteration" value="0" />
            <property name="repeatIteration" value="0" />
          </properties>
        </test-case>
        <test-case id="1068" name="TryExchange_ReplacesItemInsideFullGrid" fullname="InventoryGridTests.TryExchange_ReplacesItemInsideFullGrid" methodname="TryExchange_ReplacesItemInsideFullGrid" classname="InventoryGridTests" runstate="Runnable" seed="981712895" result="Passed" start-time="2026-09-10 10:46:10Z" end-time="2026-09-10 10:46:10Z" duration="0.000284" asserts="0">
          <properties>
            <property name="retryIteration" value="0" />
            <property name="repeatIteration" value="0" />
          </properties>
        </test-case>
      </test-suite>
      <test-suite type="TestFixture" id="1070" name="ItemDetailSnapshotTests" fullname="ItemDetailSnapshotTests" classname="ItemDetailSnapshotTests" runstate="Runnable" testcasecount="3" result="Passed" start-time="2026-09-10 10:46:10Z" end-time="2026-09-10 10:46:10Z" duration="0.008447" total="3" passed="3" failed="0" inconclusive="0" skipped="0" asserts="0">
        <properties />
        <test-case id="1071" name="Factory_BuildsSemanticDamageImplicitPrefixAndSuffixDetails" fullname="ItemDetailSnapshotTests.Factory_BuildsSemanticDamageImplicitPrefixAndSuffixDetails" methodname="Factory_BuildsSemanticDamageImplicitPrefixAndSuffixDetails" classname="ItemDetailSnapshotTests" runstate="Runnable" seed="2048899446" result="Passed" start-time="2026-09-10 10:46:10Z" end-time="2026-09-10 10:46:10Z" duration="0.003554" asserts="0">
          <properties>
            <property name="retryIteration" value="0" />
            <property name="repeatIteration" value="0" />
          </properties>
        </test-case>
        <test-case id="1073" name="Formatter_CoversSupportedModifierOperations" fullname="ItemDetailSnapshotTests.Formatter_CoversSupportedModifierOperations" methodname="Formatter_CoversSupportedModifierOperations" classname="ItemDetailSnapshotTests" runstate="Runnable" seed="739257728" result="Passed" start-time="2026-09-10 10:46:10Z" end-time="2026-09-10 10:46:10Z" duration="0.001608" asserts="0">
          <properties>
            <property name="retryIteration" value="0" />
            <property name="repeatIteration" value="0" />
          </properties>
        </test-case>
        <test-case id="1072" name="Queries_ExposeTheSameDetailForTheSameItem" fullname="ItemDetailSnapshotTests.Queries_ExposeTheSameDetailForTheSameItem" methodname="Queries_ExposeTheSameDetailForTheSameItem" classname="ItemDetailSnapshotTests" runstate="Runnable" seed="331235557" result="Passed" start-time="2026-09-10 10:46:10Z" end-time="2026-09-10 10:46:10Z" duration="0.001325" asserts="0">
          <properties>
            <property name="retryIteration" value="0" />
            <property name="repeatIteration" value="0" />
          </properties>
        </test-case>
      </test-suite>
      <test-suite type="TestFixture" id="1074" name="ItemValueCalculatorTests" fullname="ItemValueCalculatorTests" classname="ItemValueCalculatorTests" runstate="Runnable" testcasecount="4" result="Passed" start-time="2026-09-10 10:46:10Z" end-time="2026-09-10 10:46:10Z" duration="0.002890" total="4" passed="4" failed="0" inconclusive="0" skipped="0" asserts="0">
        <properties />
        <test-case id="1075" name="GetValue_HigherRarity_HigherValue" fullname="ItemValueCalculatorTests.GetValue_HigherRarity_HigherValue" methodname="GetValue_HigherRarity_HigherValue" classname="ItemValueCalculatorTests" runstate="Runnable" seed="267191651" result="Passed" start-time="2026-09-10 10:46:10Z" end-time="2026-09-10 10:46:10Z" duration="0.000477" asserts="0">
          <properties>
            <property name="retryIteration" value="0" />
            <property name="repeatIteration" value="0" />
          </properties>
        </test-case>
        <test-case id="1076" name="GetValue_MoreAffixes_HigherValue" fullname="ItemValueCalculatorTests.GetValue_MoreAffixes_HigherValue" methodname="GetValue_MoreAffixes_HigherValue" classname="ItemValueCalculatorTests" runstate="Runnable" seed="1056131341" result="Passed" start-time="2026-09-10 10:46:10Z" end-time="2026-09-10 10:46:10Z" duration="0.000296" asserts="0">
          <properties>
            <property name="retryIteration" value="0" />
            <property name="repeatIteration" value="0" />
          </properties>
        </test-case>
        <test-case id="1078" name="GetValue_ZeroBaseValue_IsZero" fullname="ItemValueCalculatorTests.GetValue_ZeroBaseValue_IsZero" methodname="GetValue_ZeroBaseValue_IsZero" classname="ItemValueCalculatorTests" runstate="Runnable" seed="1531683521" result="Passed" start-time="2026-09-10 10:46:10Z" end-time="2026-09-10 10:46:10Z" duration="0.000191" asserts="0">
          <properties>
            <property name="retryIteration" value="0" />
            <property name="repeatIteration" value="0" />
          </properties>
        </test-case>
        <test-case id="1077" name="SellPrice_LowerThan_BuyPrice" fullname="ItemValueCalculatorTests.SellPrice_LowerThan_BuyPrice" methodname="SellPrice_LowerThan_BuyPrice" classname="ItemValueCalculatorTests" runstate="Runnable" seed="622073363" result="Passed" start-time="2026-09-10 10:46:10Z" end-time="2026-09-10 10:46:10Z" duration="0.000158" asserts="0">
          <properties>
            <property name="retryIteration" value="0" />
            <property name="repeatIteration" value="0" />
          </properties>
        </test-case>
      </test-suite>
      <test-suite type="TestFixture" id="1079" name="LootTableDefinitionTests" fullname="LootTableDefinitionTests" classname="LootTableDefinitionTests" runstate="Runnable" testcasecount="3" result="Passed" start-time="2026-09-10 10:46:10Z" end-time="2026-09-10 10:46:10Z" duration="0.002180" total="3" passed="3" failed="0" inconclusive="0" skipped="0" asserts="0">
        <properties />
        <test-case id="1082" name="PickItem_RespectsRelativeWeights" fullname="LootTableDefinitionTests.PickItem_RespectsRelativeWeights" methodname="PickItem_RespectsRelativeWeights" classname="LootTableDefinitionTests" runstate="Runnable" seed="698100846" result="Passed" start-time="2026-09-10 10:46:10Z" end-time="2026-09-10 10:46:10Z" duration="0.001095" asserts="0">
          <properties>
            <property name="retryIteration" value="0" />
            <property name="repeatIteration" value="0" />
          </properties>
        </test-case>
        <test-case id="1081" name="PickItem_ReturnsNull_WhenAllWeightsAreZero" fullname="LootTableDefinitionTests.PickItem_ReturnsNull_WhenAllWeightsAreZero" methodname="PickItem_ReturnsNull_WhenAllWeightsAreZero" classname="LootTableDefinitionTests" runstate="Runnable" seed="580588477" result="Passed" start-time="2026-09-10 10:46:10Z" end-time="2026-09-10 10:46:10Z" duration="0.000194" asserts="0">
          <properties>
            <property name="retryIteration" value="0" />
            <property name="repeatIteration" value="0" />
          </properties>
        </test-case>
        <test-case id="1080" name="PickItem_ReturnsNull_WhenNoEntries" fullname="LootTableDefinitionTests.PickItem_ReturnsNull_WhenNoEntries" methodname="PickItem_ReturnsNull_WhenNoEntries" classname="LootTableDefinitionTests" runstate="Runnable" seed="14677820" result="Passed" start-time="2026-09-10 10:46:10Z" end-time="2026-09-10 10:46:10Z" duration="0.000123" asserts="0">
          <properties>
            <property name="retryIteration" value="0" />
            <property name="repeatIteration" value="0" />
          </properties>
        </test-case>
      </test-suite>
      <test-suite type="TestFixture" id="1083" name="MerchantGridLayoutTests" fullname="MerchantGridLayoutTests" classname="MerchantGridLayoutTests" runstate="Runnable" testcasecount="2" result="Passed" start-time="2026-09-10 10:46:10Z" end-time="2026-09-10 10:46:10Z" duration="0.002123" total="2" passed="2" failed="0" inconclusive="0" skipped="0" asserts="0">
        <properties />
        <test-case id="1085" name="Pack_DoesNotOverlapAndClampsOversizedWidth" fullname="MerchantGridLayoutTests.Pack_DoesNotOverlapAndClampsOversizedWidth" methodname="Pack_DoesNotOverlapAndClampsOversizedWidth" classname="MerchantGridLayoutTests" runstate="Runnable" seed="323363000" result="Passed" start-time="2026-09-10 10:46:10Z" end-time="2026-09-10 10:46:10Z" duration="0.001191" asserts="0">
          <properties>
            <property name="retryIteration" value="0" />
            <property name="repeatIteration" value="0" />
          </properties>
        </test-case>
        <test-case id="1084" name="Pack_IsDeterministicAndKeepsItemsInsideGrid" fullname="MerchantGridLayoutTests.Pack_IsDeterministicAndKeepsItemsInsideGrid" methodname="Pack_IsDeterministicAndKeepsItemsInsideGrid" classname="MerchantGridLayoutTests" runstate="Runnable" seed="488784378" result="Passed" start-time="2026-09-10 10:46:10Z" end-time="2026-09-10 10:46:10Z" duration="0.000305" asserts="0">
          <properties>
            <property name="retryIteration" value="0" />
            <property name="repeatIteration" value="0" />
          </properties>
        </test-case>
      </test-suite>
      <test-suite type="TestFixture" id="1086" name="MonsterSpawnDefinitionTests" fullname="MonsterSpawnDefinitionTests" classname="MonsterSpawnDefinitionTests" runstate="Runnable" testcasecount="3" result="Passed" start-time="2026-09-10 10:46:10Z" end-time="2026-09-10 10:46:10Z" duration="0.002213" total="3" passed="3" failed="0" inconclusive="0" skipped="0" asserts="0">
        <properties />
        <test-case id="1089" name="PickMonster_RespectsRelativeWeights" fullname="MonsterSpawnDefinitionTests.PickMonster_RespectsRelativeWeights" methodname="PickMonster_RespectsRelativeWeights" classname="MonsterSpawnDefinitionTests" runstate="Runnable" seed="108969000" result="Passed" start-time="2026-09-10 10:46:10Z" end-time="2026-09-10 10:46:10Z" duration="0.001161" asserts="0">
          <properties>
            <property name="retryIteration" value="0" />
            <property name="repeatIteration" value="0" />
          </properties>
        </test-case>
        <test-case id="1088" name="PickMonster_ReturnsNull_WhenAllWeightsAreZero" fullname="MonsterSpawnDefinitionTests.PickMonster_ReturnsNull_WhenAllWeightsAreZero" methodname="PickMonster_ReturnsNull_WhenAllWeightsAreZero" classname="MonsterSpawnDefinitionTests" runstate="Runnable" seed="110532703" result="Passed" start-time="2026-09-10 10:46:10Z" end-time="2026-09-10 10:46:10Z" duration="0.000200" asserts="0">
          <properties>
            <property name="retryIteration" value="0" />
            <property name="repeatIteration" value="0" />
          </properties>
        </test-case>
        <test-case id="1087" name="PickMonster_ReturnsNull_WhenNoRules" fullname="MonsterSpawnDefinitionTests.PickMonster_ReturnsNull_WhenNoRules" methodname="PickMonster_ReturnsNull_WhenNoRules" classname="MonsterSpawnDefinitionTests" runstate="Runnable" seed="969421911" result="Passed" start-time="2026-09-10 10:46:10Z" end-time="2026-09-10 10:46:10Z" duration="0.000124" asserts="0">
          <properties>
            <property name="retryIteration" value="0" />
            <property name="repeatIteration" value="0" />
          </properties>
        </test-case>
      </test-suite>
      <test-suite type="TestFixture" id="1090" name="ShopViewStateTests" fullname="ShopViewStateTests" classname="ShopViewStateTests" runstate="Runnable" testcasecount="5" result="Passed" start-time="2026-09-10 10:46:10Z" end-time="2026-09-10 10:46:10Z" duration="0.003335" total="5" passed="5" failed="0" inconclusive="0" skipped="0" asserts="0">
        <properties />
        <test-case id="1091" name="ResolveIndex_RestoresSameInstanceId" fullname="ShopViewStateTests.ResolveIndex_RestoresSameInstanceId" methodname="ResolveIndex_RestoresSameInstanceId" classname="ShopViewStateTests" runstate="Runnable" seed="789035592" result="Passed" start-time="2026-09-10 10:46:10Z" end-time="2026-09-10 10:46:10Z" duration="0.001648" asserts="0">
          <properties>
            <property name="retryIteration" value="0" />
            <property name="repeatIteration" value="0" />
          </properties>
        </test-case>
        <test-case id="1093" name="ResolveIndex_WhenLastItemWasRemoved_UsesPreviousItem" fullname="ShopViewStateTests.ResolveIndex_WhenLastItemWasRemoved_UsesPreviousItem" methodname="ResolveIndex_WhenLastItemWasRemoved_UsesPreviousItem" classname="ShopViewStateTests" runstate="Runnable" seed="138208698" result="Passed" start-time="2026-09-10 10:46:10Z" end-time="2026-09-10 10:46:10Z" duration="0.000189" asserts="0">
          <properties>
            <property name="retryIteration" value="0" />
            <property name="repeatIteration" value="0" />
          </properties>
        </test-case>
        <test-case id="1094" name="ResolveIndex_WhenListIsEmpty_ReturnsMinusOne" fullname="ShopViewStateTests.ResolveIndex_WhenListIsEmpty_ReturnsMinusOne" methodname="ResolveIndex_WhenListIsEmpty_ReturnsMinusOne" classname="ShopViewStateTests" runstate="Runnable" seed="1303296934" result="Passed" start-time="2026-09-10 10:46:10Z" end-time="2026-09-10 10:46:10Z" duration="0.000124" asserts="0">
          <properties>
            <property name="retryIteration" value="0" />
            <property name="repeatIteration" value="0" />
          </properties>
        </test-case>
        <test-case id="1092" name="ResolveIndex_WhenSelectedItemWasRemoved_UsesNextAtOriginalIndex" fullname="ShopViewStateTests.ResolveIndex_WhenSelectedItemWasRemoved_UsesNextAtOriginalIndex" methodname="ResolveIndex_WhenSelectedItemWasRemoved_UsesNextAtOriginalIndex" classname="ShopViewStateTests" runstate="Runnable" seed="3710654" result="Passed" start-time="2026-09-10 10:46:10Z" end-time="2026-09-10 10:46:10Z" duration="0.000162" asserts="0">
          <properties>
            <property name="retryIteration" value="0" />
            <property name="repeatIteration" value="0" />
          </properties>
        </test-case>
        <test-case id="1095" name="ViewState_FeedbackPersistsUntilExplicitlyCleared" fullname="ShopViewStateTests.ViewState_FeedbackPersistsUntilExplicitlyCleared" methodname="ViewState_FeedbackPersistsUntilExplicitlyCleared" classname="ShopViewStateTests" runstate="Runnable" seed="412156922" result="Passed" start-time="2026-09-10 10:46:10Z" end-time="2026-09-10 10:46:10Z" duration="0.000275" asserts="0">
          <properties>
            <property name="retryIteration" value="0" />
            <property name="repeatIteration" value="0" />
          </properties>
          <output><![CDATA[<b><color=#2EA3FF>MCP-FOR-UNITY</color></b>: [TestRunnerNoThrottle] Restored Interaction Mode after test run.
Saving results to: C:/Users/darkf/AppData/LocalLow/DefaultCompany/DarkFlare\TestResults.xml
]]></output>
        </test-case>
      </test-suite>
    </test-suite>
  </test-suite>
</test-run>